ARM GAS  /tmp/cc7P2KoR.s 			page 1


   1              		.cpu cortex-m4
   2              		.eabi_attribute 27, 1
   3              		.eabi_attribute 28, 1
   4              		.eabi_attribute 20, 1
   5              		.eabi_attribute 21, 1
   6              		.eabi_attribute 23, 3
   7              		.eabi_attribute 24, 1
   8              		.eabi_attribute 25, 1
   9              		.eabi_attribute 26, 1
  10              		.eabi_attribute 30, 1
  11              		.eabi_attribute 34, 1
  12              		.eabi_attribute 18, 4
  13              		.file	"I2C_LCD.c"
  14              		.text
  15              	.Ltext0:
  16              		.cfi_sections	.debug_frame
  17              		.section	.text.I2C_LCD_ExpanderWrite,"ax",%progbits
  18              		.align	1
  19              		.arch armv7e-m
  20              		.syntax unified
  21              		.thumb
  22              		.thumb_func
  23              		.fpu fpv4-sp-d16
  25              	I2C_LCD_ExpanderWrite:
  26              	.LVL0:
  27              	.LFB239:
  28              		.file 1 "Core/Src/I2C_LCD.c"
   1:Core/Src/I2C_LCD.c **** /*
   2:Core/Src/I2C_LCD.c ****  * File: I2C_LCD.c
   3:Core/Src/I2C_LCD.c ****  * Driver Name: [[ I2C_LCD Display ]]
   4:Core/Src/I2C_LCD.c ****  * SW Layer:   ECUAL
   5:Core/Src/I2C_LCD.c ****  * Created on: Jan 28, 2024
   6:Core/Src/I2C_LCD.c ****  * Author:     Khaled Magdy
   7:Core/Src/I2C_LCD.c ****  * -------------------------------------------
   8:Core/Src/I2C_LCD.c ****  * For More Information, Tutorials, etc.
   9:Core/Src/I2C_LCD.c ****  * Visit Website: www.DeepBlueMbedded.com
  10:Core/Src/I2C_LCD.c ****  *
  11:Core/Src/I2C_LCD.c ****  */
  12:Core/Src/I2C_LCD.c **** 
  13:Core/Src/I2C_LCD.c **** #include "I2C_LCD.h"
  14:Core/Src/I2C_LCD.c **** #include "I2C_LCD_cfg.h"
  15:Core/Src/I2C_LCD.c **** #include "Util.h"
  16:Core/Src/I2C_LCD.c **** 
  17:Core/Src/I2C_LCD.c **** /*-----------------------[INTERNAL DEFINITIONS]-----------------------*/
  18:Core/Src/I2C_LCD.c **** // CMD
  19:Core/Src/I2C_LCD.c **** #define LCD_CLEARDISPLAY        0x01
  20:Core/Src/I2C_LCD.c **** #define LCD_RETURNHOME          0x02
  21:Core/Src/I2C_LCD.c **** #define LCD_ENTRYMODESET        0x04
  22:Core/Src/I2C_LCD.c **** #define LCD_DISPLAYCONTROL      0x08
  23:Core/Src/I2C_LCD.c **** #define LCD_CURSORSHIFT         0x10
  24:Core/Src/I2C_LCD.c **** #define LCD_FUNCTIONSET         0x20
  25:Core/Src/I2C_LCD.c **** #define LCD_SETCGRAMADDR        0x40
  26:Core/Src/I2C_LCD.c **** #define LCD_SETDDRAMADDR        0x80
  27:Core/Src/I2C_LCD.c **** // DISPLAY ENTRY
  28:Core/Src/I2C_LCD.c **** #define LCD_ENTRYRIGHT          0x00
  29:Core/Src/I2C_LCD.c **** #define LCD_ENTRYLEFT           0x02
  30:Core/Src/I2C_LCD.c **** #define LCD_ENTRYSHIFTINCREMENT 0x01
ARM GAS  /tmp/cc7P2KoR.s 			page 2


  31:Core/Src/I2C_LCD.c **** #define LCD_ENTRYSHIFTDECREMENT 0x00
  32:Core/Src/I2C_LCD.c **** // DISPLAY CONTROL
  33:Core/Src/I2C_LCD.c **** #define LCD_DISPLAYON           0x04
  34:Core/Src/I2C_LCD.c **** #define LCD_DISPLAYOFF          0x00
  35:Core/Src/I2C_LCD.c **** #define LCD_CURSORON            0x02
  36:Core/Src/I2C_LCD.c **** #define LCD_CURSOROFF           0x00
  37:Core/Src/I2C_LCD.c **** #define LCD_BLINKON             0x01
  38:Core/Src/I2C_LCD.c **** #define LCD_BLINKOFF            0x00
  39:Core/Src/I2C_LCD.c **** // CURSOR MOTION
  40:Core/Src/I2C_LCD.c **** #define LCD_DISPLAYMOVE         0x08
  41:Core/Src/I2C_LCD.c **** #define LCD_CURSORMOVE          0x00
  42:Core/Src/I2C_LCD.c **** #define LCD_MOVERIGHT           0x04
  43:Core/Src/I2C_LCD.c **** #define LCD_MOVELEFT            0x00
  44:Core/Src/I2C_LCD.c **** // FUNCTION SET
  45:Core/Src/I2C_LCD.c **** #define LCD_8BITMODE            0x10
  46:Core/Src/I2C_LCD.c **** #define LCD_4BITMODE            0x00
  47:Core/Src/I2C_LCD.c **** #define LCD_2LINE               0x08
  48:Core/Src/I2C_LCD.c **** #define LCD_1LINE               0x00
  49:Core/Src/I2C_LCD.c **** #define LCD_5x10DOTS            0x04
  50:Core/Src/I2C_LCD.c **** #define LCD_5x8DOTS             0x00
  51:Core/Src/I2C_LCD.c **** // BACKLIGHT CONTROL
  52:Core/Src/I2C_LCD.c **** #define LCD_BACKLIGHT           0x08
  53:Core/Src/I2C_LCD.c **** #define LCD_NOBACKLIGHT         0x00
  54:Core/Src/I2C_LCD.c **** #define EN                      0b00000100  // Enable bit
  55:Core/Src/I2C_LCD.c **** #define RW                      0b00000010  // Read/Write bit
  56:Core/Src/I2C_LCD.c **** #define RS                      0b00000001  // Register select bit
  57:Core/Src/I2C_LCD.c **** 
  58:Core/Src/I2C_LCD.c **** /*-----------------------[INTERNAL VARIABLES]-----------------------*/
  59:Core/Src/I2C_LCD.c **** 
  60:Core/Src/I2C_LCD.c **** typedef struct I2C_LCD_InfoParam_s
  61:Core/Src/I2C_LCD.c **** {
  62:Core/Src/I2C_LCD.c ****     uint8_t DisplayCtrl;
  63:Core/Src/I2C_LCD.c ****     uint8_t BacklightVal;
  64:Core/Src/I2C_LCD.c **** }I2C_LCD_InfoParam_t;
  65:Core/Src/I2C_LCD.c **** 
  66:Core/Src/I2C_LCD.c **** static I2C_LCD_InfoParam_t I2C_LCD_InfoParam_g[I2C_LCD_MAX];
  67:Core/Src/I2C_LCD.c **** 
  68:Core/Src/I2C_LCD.c **** /*---------------------[STATIC INTERNAL FUNCTIONS]-----------------------*/
  69:Core/Src/I2C_LCD.c **** 
  70:Core/Src/I2C_LCD.c **** static void I2C_LCD_ExpanderWrite(uint8_t I2C_LCD_InstanceIndex, uint8_t DATA)
  71:Core/Src/I2C_LCD.c **** {
  29              		.loc 1 71 1 view -0
  30              		.cfi_startproc
  31              		@ args = 0, pretend = 0, frame = 8
  32              		@ frame_needed = 0, uses_anonymous_args = 0
  33              		.loc 1 71 1 is_stmt 0 view .LVU1
  34 0000 00B5     		push	{lr}
  35              		.cfi_def_cfa_offset 4
  36              		.cfi_offset 14, -4
  37 0002 85B0     		sub	sp, sp, #20
  38              		.cfi_def_cfa_offset 24
  72:Core/Src/I2C_LCD.c ****     uint8_t TxData = (DATA) | I2C_LCD_InfoParam_g[I2C_LCD_InstanceIndex].BacklightVal;
  39              		.loc 1 72 5 is_stmt 1 view .LVU2
  40              		.loc 1 72 73 is_stmt 0 view .LVU3
  41 0004 0C4A     		ldr	r2, .L3
  42 0006 02EB4002 		add	r2, r2, r0, lsl #1
  43 000a 5378     		ldrb	r3, [r2, #1]	@ zero_extendqisi2
ARM GAS  /tmp/cc7P2KoR.s 			page 3


  44              		.loc 1 72 13 view .LVU4
  45 000c 0B43     		orrs	r3, r3, r1
  46 000e 8DF80F30 		strb	r3, [sp, #15]
  73:Core/Src/I2C_LCD.c ****     HAL_I2C_Master_Transmit(I2C_LCD_CfgParam[I2C_LCD_InstanceIndex].I2C_Handle, (I2C_LCD_CfgParam[I
  47              		.loc 1 73 5 is_stmt 1 view .LVU5
  48              		.loc 1 73 121 is_stmt 0 view .LVU6
  49 0012 0A4B     		ldr	r3, .L3+4
  50 0014 00EB4002 		add	r2, r0, r0, lsl #1
  51 0018 03EB8202 		add	r2, r3, r2, lsl #2
  52 001c 117A     		ldrb	r1, [r2, #8]	@ zero_extendqisi2
  53              	.LVL1:
  54              		.loc 1 73 5 view .LVU7
  55 001e 1046     		mov	r0, r2
  56              	.LVL2:
  57              		.loc 1 73 5 view .LVU8
  58 0020 6423     		movs	r3, #100
  59 0022 0093     		str	r3, [sp]
  60 0024 0123     		movs	r3, #1
  61 0026 0DF10F02 		add	r2, sp, #15
  62 002a 9940     		lsls	r1, r1, r3
  63 002c 4068     		ldr	r0, [r0, #4]
  64 002e FFF7FEFF 		bl	HAL_I2C_Master_Transmit
  65              	.LVL3:
  74:Core/Src/I2C_LCD.c **** }
  66              		.loc 1 74 1 view .LVU9
  67 0032 05B0     		add	sp, sp, #20
  68              		.cfi_def_cfa_offset 4
  69              		@ sp needed
  70 0034 5DF804FB 		ldr	pc, [sp], #4
  71              	.L4:
  72              		.align	2
  73              	.L3:
  74 0038 00000000 		.word	.LANCHOR0
  75 003c 00000000 		.word	I2C_LCD_CfgParam
  76              		.cfi_endproc
  77              	.LFE239:
  79              		.section	.text.I2C_LCD_EnPulse,"ax",%progbits
  80              		.align	1
  81              		.syntax unified
  82              		.thumb
  83              		.thumb_func
  84              		.fpu fpv4-sp-d16
  86              	I2C_LCD_EnPulse:
  87              	.LVL4:
  88              	.LFB240:
  75:Core/Src/I2C_LCD.c **** 
  76:Core/Src/I2C_LCD.c **** static void I2C_LCD_EnPulse(uint8_t I2C_LCD_InstanceIndex, uint8_t DATA)
  77:Core/Src/I2C_LCD.c **** {
  89              		.loc 1 77 1 is_stmt 1 view -0
  90              		.cfi_startproc
  91              		@ args = 0, pretend = 0, frame = 0
  92              		@ frame_needed = 0, uses_anonymous_args = 0
  93              		.loc 1 77 1 is_stmt 0 view .LVU11
  94 0000 38B5     		push	{r3, r4, r5, lr}
  95              		.cfi_def_cfa_offset 16
  96              		.cfi_offset 3, -16
  97              		.cfi_offset 4, -12
ARM GAS  /tmp/cc7P2KoR.s 			page 4


  98              		.cfi_offset 5, -8
  99              		.cfi_offset 14, -4
 100 0002 0546     		mov	r5, r0
 101 0004 0C46     		mov	r4, r1
  78:Core/Src/I2C_LCD.c **** 	I2C_LCD_ExpanderWrite(I2C_LCD_InstanceIndex, (DATA | EN)); // En high
 102              		.loc 1 78 2 is_stmt 1 view .LVU12
 103 0006 41F00401 		orr	r1, r1, #4
 104              	.LVL5:
 105              		.loc 1 78 2 is_stmt 0 view .LVU13
 106 000a FFF7FEFF 		bl	I2C_LCD_ExpanderWrite
 107              	.LVL6:
  79:Core/Src/I2C_LCD.c **** 	DELAY_US(2); // enable pulse must be >450ns
 108              		.loc 1 79 2 is_stmt 1 view .LVU14
 109              	.LBB2:
 110              		.loc 1 79 2 view .LVU15
 111 000e 4FF0E023 		mov	r3, #-536813568
 112 0012 9969     		ldr	r1, [r3, #24]
 113              	.LVL7:
 114              		.loc 1 79 2 view .LVU16
 115 0014 144B     		ldr	r3, .L9
 116 0016 1B68     		ldr	r3, [r3]
 117 0018 144A     		ldr	r2, .L9+4
 118 001a A2FB0323 		umull	r2, r3, r2, r3
 119 001e 9A0C     		lsrs	r2, r3, #18
 120 0020 DB0C     		lsrs	r3, r3, #19
 121 0022 C3EB4202 		rsb	r2, r3, r2, lsl #1
 122              	.LVL8:
 123              		.loc 1 79 2 view .LVU17
 124              	.L6:
 125              		.loc 1 79 2 discriminator 2 view .LVU18
 126              		.loc 1 79 2 discriminator 2 view .LVU19
 127 0026 4FF0E023 		mov	r3, #-536813568
 128 002a 9B69     		ldr	r3, [r3, #24]
 129 002c CB1A     		subs	r3, r1, r3
 130 002e 9342     		cmp	r3, r2
 131 0030 F9D3     		bcc	.L6
 132              	.LBE2:
 133              		.loc 1 79 2 discriminator 3 view .LVU20
  80:Core/Src/I2C_LCD.c **** 
  81:Core/Src/I2C_LCD.c ****     I2C_LCD_ExpanderWrite(I2C_LCD_InstanceIndex, (DATA & ~EN)); // En low
 134              		.loc 1 81 5 discriminator 3 view .LVU21
 135 0032 04F0FB01 		and	r1, r4, #251
 136              	.LVL9:
 137              		.loc 1 81 5 is_stmt 0 discriminator 3 view .LVU22
 138 0036 2846     		mov	r0, r5
 139 0038 FFF7FEFF 		bl	I2C_LCD_ExpanderWrite
 140              	.LVL10:
  82:Core/Src/I2C_LCD.c ****     DELAY_US(50); // commands need > 37us to settle
 141              		.loc 1 82 5 is_stmt 1 discriminator 3 view .LVU23
 142              	.LBB3:
 143              		.loc 1 82 5 discriminator 3 view .LVU24
 144 003c 4FF0E023 		mov	r3, #-536813568
 145 0040 9969     		ldr	r1, [r3, #24]
 146              	.LVL11:
 147              		.loc 1 82 5 discriminator 3 view .LVU25
 148 0042 094B     		ldr	r3, .L9
 149 0044 1A68     		ldr	r2, [r3]
ARM GAS  /tmp/cc7P2KoR.s 			page 5


 150 0046 094B     		ldr	r3, .L9+4
 151 0048 A3FB0223 		umull	r2, r3, r3, r2
 152 004c 9A0C     		lsrs	r2, r3, #18
 153 004e 3220     		movs	r0, #50
 154 0050 00FB02F2 		mul	r2, r0, r2
 155 0054 A2EBD342 		sub	r2, r2, r3, lsr #19
 156              	.LVL12:
 157              		.loc 1 82 5 discriminator 3 view .LVU26
 158              	.L7:
 159              		.loc 1 82 5 discriminator 2 view .LVU27
 160              		.loc 1 82 5 discriminator 2 view .LVU28
 161 0058 4FF0E023 		mov	r3, #-536813568
 162 005c 9B69     		ldr	r3, [r3, #24]
 163 005e CB1A     		subs	r3, r1, r3
 164 0060 9342     		cmp	r3, r2
 165 0062 F9D3     		bcc	.L7
 166              	.LBE3:
  83:Core/Src/I2C_LCD.c **** }
 167              		.loc 1 83 1 is_stmt 0 view .LVU29
 168 0064 38BD     		pop	{r3, r4, r5, pc}
 169              	.L10:
 170 0066 00BF     		.align	2
 171              	.L9:
 172 0068 00000000 		.word	SystemCoreClock
 173 006c 83DE1B43 		.word	1125899907
 174              		.cfi_endproc
 175              	.LFE240:
 177              		.section	.text.I2C_LCD_Write4Bits,"ax",%progbits
 178              		.align	1
 179              		.syntax unified
 180              		.thumb
 181              		.thumb_func
 182              		.fpu fpv4-sp-d16
 184              	I2C_LCD_Write4Bits:
 185              	.LVL13:
 186              	.LFB241:
  84:Core/Src/I2C_LCD.c **** 
  85:Core/Src/I2C_LCD.c **** static void I2C_LCD_Write4Bits(uint8_t I2C_LCD_InstanceIndex, uint8_t Val)
  86:Core/Src/I2C_LCD.c **** {
 187              		.loc 1 86 1 is_stmt 1 view -0
 188              		.cfi_startproc
 189              		@ args = 0, pretend = 0, frame = 0
 190              		@ frame_needed = 0, uses_anonymous_args = 0
 191              		.loc 1 86 1 is_stmt 0 view .LVU31
 192 0000 38B5     		push	{r3, r4, r5, lr}
 193              		.cfi_def_cfa_offset 16
 194              		.cfi_offset 3, -16
 195              		.cfi_offset 4, -12
 196              		.cfi_offset 5, -8
 197              		.cfi_offset 14, -4
 198 0002 0446     		mov	r4, r0
 199 0004 0D46     		mov	r5, r1
  87:Core/Src/I2C_LCD.c **** 	I2C_LCD_ExpanderWrite(I2C_LCD_InstanceIndex, Val);
 200              		.loc 1 87 2 is_stmt 1 view .LVU32
 201 0006 FFF7FEFF 		bl	I2C_LCD_ExpanderWrite
 202              	.LVL14:
  88:Core/Src/I2C_LCD.c **** 	I2C_LCD_EnPulse(I2C_LCD_InstanceIndex, Val);
ARM GAS  /tmp/cc7P2KoR.s 			page 6


 203              		.loc 1 88 2 view .LVU33
 204 000a 2946     		mov	r1, r5
 205 000c 2046     		mov	r0, r4
 206 000e FFF7FEFF 		bl	I2C_LCD_EnPulse
 207              	.LVL15:
  89:Core/Src/I2C_LCD.c **** }
 208              		.loc 1 89 1 is_stmt 0 view .LVU34
 209 0012 38BD     		pop	{r3, r4, r5, pc}
 210              		.cfi_endproc
 211              	.LFE241:
 213              		.section	.text.I2C_LCD_Send,"ax",%progbits
 214              		.align	1
 215              		.syntax unified
 216              		.thumb
 217              		.thumb_func
 218              		.fpu fpv4-sp-d16
 220              	I2C_LCD_Send:
 221              	.LVL16:
 222              	.LFB242:
  90:Core/Src/I2C_LCD.c **** 
  91:Core/Src/I2C_LCD.c **** static void I2C_LCD_Send(uint8_t I2C_LCD_InstanceIndex, uint8_t Val, uint8_t Mode)
  92:Core/Src/I2C_LCD.c **** {
 223              		.loc 1 92 1 is_stmt 1 view -0
 224              		.cfi_startproc
 225              		@ args = 0, pretend = 0, frame = 0
 226              		@ frame_needed = 0, uses_anonymous_args = 0
 227              		.loc 1 92 1 is_stmt 0 view .LVU36
 228 0000 70B5     		push	{r4, r5, r6, lr}
 229              		.cfi_def_cfa_offset 16
 230              		.cfi_offset 4, -16
 231              		.cfi_offset 5, -12
 232              		.cfi_offset 6, -8
 233              		.cfi_offset 14, -4
 234 0002 0646     		mov	r6, r0
 235 0004 1546     		mov	r5, r2
  93:Core/Src/I2C_LCD.c ****     uint8_t HighNib = Val & 0xF0;
 236              		.loc 1 93 5 is_stmt 1 view .LVU37
 237              		.loc 1 93 13 is_stmt 0 view .LVU38
 238 0006 01F0F003 		and	r3, r1, #240
 239              	.LVL17:
  94:Core/Src/I2C_LCD.c ****     uint8_t LowNib = (Val << 4) & 0xF0;
 240              		.loc 1 94 5 is_stmt 1 view .LVU39
 241              		.loc 1 94 27 is_stmt 0 view .LVU40
 242 000a 0C01     		lsls	r4, r1, #4
 243              		.loc 1 94 13 view .LVU41
 244 000c E4B2     		uxtb	r4, r4
 245              	.LVL18:
  95:Core/Src/I2C_LCD.c ****     I2C_LCD_Write4Bits(I2C_LCD_InstanceIndex, (HighNib) | Mode);
 246              		.loc 1 95 5 is_stmt 1 view .LVU42
 247 000e 43EA0201 		orr	r1, r3, r2
 248              	.LVL19:
 249              		.loc 1 95 5 is_stmt 0 view .LVU43
 250 0012 FFF7FEFF 		bl	I2C_LCD_Write4Bits
 251              	.LVL20:
  96:Core/Src/I2C_LCD.c ****     I2C_LCD_Write4Bits(I2C_LCD_InstanceIndex, (LowNib) | Mode);
 252              		.loc 1 96 5 is_stmt 1 view .LVU44
 253 0016 44EA0501 		orr	r1, r4, r5
ARM GAS  /tmp/cc7P2KoR.s 			page 7


 254 001a 3046     		mov	r0, r6
 255 001c FFF7FEFF 		bl	I2C_LCD_Write4Bits
 256              	.LVL21:
  97:Core/Src/I2C_LCD.c **** }
 257              		.loc 1 97 1 is_stmt 0 view .LVU45
 258 0020 70BD     		pop	{r4, r5, r6, pc}
 259              		.loc 1 97 1 view .LVU46
 260              		.cfi_endproc
 261              	.LFE242:
 263              		.section	.text.I2C_LCD_Cmd,"ax",%progbits
 264              		.align	1
 265              		.syntax unified
 266              		.thumb
 267              		.thumb_func
 268              		.fpu fpv4-sp-d16
 270              	I2C_LCD_Cmd:
 271              	.LVL22:
 272              	.LFB243:
  98:Core/Src/I2C_LCD.c **** 
  99:Core/Src/I2C_LCD.c **** static void I2C_LCD_Cmd(uint8_t I2C_LCD_InstanceIndex, uint8_t CMD)
 100:Core/Src/I2C_LCD.c **** {
 273              		.loc 1 100 1 is_stmt 1 view -0
 274              		.cfi_startproc
 275              		@ args = 0, pretend = 0, frame = 0
 276              		@ frame_needed = 0, uses_anonymous_args = 0
 277              		.loc 1 100 1 is_stmt 0 view .LVU48
 278 0000 08B5     		push	{r3, lr}
 279              		.cfi_def_cfa_offset 8
 280              		.cfi_offset 3, -8
 281              		.cfi_offset 14, -4
 101:Core/Src/I2C_LCD.c **** 	I2C_LCD_Send(I2C_LCD_InstanceIndex, CMD, 0);
 282              		.loc 1 101 2 is_stmt 1 view .LVU49
 283 0002 0022     		movs	r2, #0
 284 0004 FFF7FEFF 		bl	I2C_LCD_Send
 285              	.LVL23:
 102:Core/Src/I2C_LCD.c **** }
 286              		.loc 1 102 1 is_stmt 0 view .LVU50
 287 0008 08BD     		pop	{r3, pc}
 288              		.cfi_endproc
 289              	.LFE243:
 291              		.section	.text.I2C_LCD_Data,"ax",%progbits
 292              		.align	1
 293              		.syntax unified
 294              		.thumb
 295              		.thumb_func
 296              		.fpu fpv4-sp-d16
 298              	I2C_LCD_Data:
 299              	.LVL24:
 300              	.LFB244:
 103:Core/Src/I2C_LCD.c **** 
 104:Core/Src/I2C_LCD.c **** static void I2C_LCD_Data(uint8_t I2C_LCD_InstanceIndex, uint8_t DATA)
 105:Core/Src/I2C_LCD.c **** {
 301              		.loc 1 105 1 is_stmt 1 view -0
 302              		.cfi_startproc
 303              		@ args = 0, pretend = 0, frame = 0
 304              		@ frame_needed = 0, uses_anonymous_args = 0
 305              		.loc 1 105 1 is_stmt 0 view .LVU52
ARM GAS  /tmp/cc7P2KoR.s 			page 8


 306 0000 08B5     		push	{r3, lr}
 307              		.cfi_def_cfa_offset 8
 308              		.cfi_offset 3, -8
 309              		.cfi_offset 14, -4
 106:Core/Src/I2C_LCD.c **** 	I2C_LCD_Send(I2C_LCD_InstanceIndex, DATA, 1);
 310              		.loc 1 106 2 is_stmt 1 view .LVU53
 311 0002 0122     		movs	r2, #1
 312 0004 FFF7FEFF 		bl	I2C_LCD_Send
 313              	.LVL25:
 107:Core/Src/I2C_LCD.c **** }
 314              		.loc 1 107 1 is_stmt 0 view .LVU54
 315 0008 08BD     		pop	{r3, pc}
 316              		.cfi_endproc
 317              	.LFE244:
 319              		.section	.text.I2C_LCD_Clear,"ax",%progbits
 320              		.align	1
 321              		.global	I2C_LCD_Clear
 322              		.syntax unified
 323              		.thumb
 324              		.thumb_func
 325              		.fpu fpv4-sp-d16
 327              	I2C_LCD_Clear:
 328              	.LVL26:
 329              	.LFB246:
 108:Core/Src/I2C_LCD.c **** 
 109:Core/Src/I2C_LCD.c **** /*-----------------------------------------------------------------------*/
 110:Core/Src/I2C_LCD.c **** 
 111:Core/Src/I2C_LCD.c **** //=================================================================================================
 112:Core/Src/I2C_LCD.c **** 
 113:Core/Src/I2C_LCD.c **** /*-----------------------[USER EXTERNAL FUNCTIONS]-----------------------*/
 114:Core/Src/I2C_LCD.c **** 
 115:Core/Src/I2C_LCD.c **** void I2C_LCD_Init(uint8_t I2C_LCD_InstanceIndex)
 116:Core/Src/I2C_LCD.c **** {
 117:Core/Src/I2C_LCD.c **** 	// According To Datasheet, We Must Wait At Least 40ms After Power Up Before Interacting With The L
 118:Core/Src/I2C_LCD.c **** 	while(HAL_GetTick() < 50);
 119:Core/Src/I2C_LCD.c ****     I2C_LCD_Cmd(I2C_LCD_InstanceIndex, 0x30);
 120:Core/Src/I2C_LCD.c ****     DELAY_MS(5);  // Delay > 4.1ms
 121:Core/Src/I2C_LCD.c ****     I2C_LCD_Cmd(I2C_LCD_InstanceIndex, 0x30);
 122:Core/Src/I2C_LCD.c ****     DELAY_MS(5);  // Delay > 4.1ms
 123:Core/Src/I2C_LCD.c ****     I2C_LCD_Cmd(I2C_LCD_InstanceIndex, 0x30);
 124:Core/Src/I2C_LCD.c ****     DELAY_US(150);  // Delay > 100μs
 125:Core/Src/I2C_LCD.c ****     I2C_LCD_Cmd(I2C_LCD_InstanceIndex, 0x02);
 126:Core/Src/I2C_LCD.c ****     // Configure the LCD
 127:Core/Src/I2C_LCD.c ****     I2C_LCD_Cmd(I2C_LCD_InstanceIndex, LCD_FUNCTIONSET | LCD_4BITMODE | LCD_2LINE | LCD_5x8DOTS);
 128:Core/Src/I2C_LCD.c ****     I2C_LCD_Cmd(I2C_LCD_InstanceIndex, LCD_DISPLAYCONTROL | LCD_DISPLAYON | LCD_CURSOROFF | LCD_BLI
 129:Core/Src/I2C_LCD.c ****     I2C_LCD_Cmd(I2C_LCD_InstanceIndex, LCD_ENTRYMODESET | LCD_ENTRYLEFT | LCD_ENTRYSHIFTDECREMENT);
 130:Core/Src/I2C_LCD.c ****     I2C_LCD_InfoParam_g[I2C_LCD_InstanceIndex].DisplayCtrl = LCD_DISPLAYON | LCD_CURSOROFF | LCD_BL
 131:Core/Src/I2C_LCD.c ****     I2C_LCD_InfoParam_g[I2C_LCD_InstanceIndex].BacklightVal = LCD_BACKLIGHT;
 132:Core/Src/I2C_LCD.c ****     // Clear the LCD
 133:Core/Src/I2C_LCD.c ****     I2C_LCD_Clear(I2C_LCD_InstanceIndex);
 134:Core/Src/I2C_LCD.c **** }
 135:Core/Src/I2C_LCD.c **** 
 136:Core/Src/I2C_LCD.c **** void I2C_LCD_Clear(uint8_t I2C_LCD_InstanceIndex)
 137:Core/Src/I2C_LCD.c **** {
 330              		.loc 1 137 1 is_stmt 1 view -0
 331              		.cfi_startproc
 332              		@ args = 0, pretend = 0, frame = 0
ARM GAS  /tmp/cc7P2KoR.s 			page 9


 333              		@ frame_needed = 0, uses_anonymous_args = 0
 334              		.loc 1 137 1 is_stmt 0 view .LVU56
 335 0000 08B5     		push	{r3, lr}
 336              		.cfi_def_cfa_offset 8
 337              		.cfi_offset 3, -8
 338              		.cfi_offset 14, -4
 138:Core/Src/I2C_LCD.c ****     I2C_LCD_Cmd(I2C_LCD_InstanceIndex, LCD_CLEARDISPLAY);
 339              		.loc 1 138 5 is_stmt 1 view .LVU57
 340 0002 0121     		movs	r1, #1
 341 0004 FFF7FEFF 		bl	I2C_LCD_Cmd
 342              	.LVL27:
 139:Core/Src/I2C_LCD.c ****     DELAY_MS(2);
 343              		.loc 1 139 5 view .LVU58
 344              		.loc 1 139 5 view .LVU59
 345              	.LBB4:
 346              		.loc 1 139 5 view .LVU60
 347              		.loc 1 139 5 is_stmt 0 view .LVU61
 348 0008 0020     		movs	r0, #0
 349 000a 15E0     		b	.L20
 350              	.LVL28:
 351              	.L22:
 352              		.loc 1 139 5 is_stmt 1 discriminator 6 view .LVU62
 353              	.LBB5:
 354              		.loc 1 139 5 discriminator 6 view .LVU63
 355 000c 4FF0E023 		mov	r3, #-536813568
 356 0010 9969     		ldr	r1, [r3, #24]
 357              	.LVL29:
 358              		.loc 1 139 5 discriminator 6 view .LVU64
 359 0012 0B4B     		ldr	r3, .L24
 360 0014 1A68     		ldr	r2, [r3]
 361 0016 0B4B     		ldr	r3, .L24+4
 362 0018 A3FB0223 		umull	r2, r3, r3, r2
 363 001c 9A0C     		lsrs	r2, r3, #18
 364 001e 4FF47A7C 		mov	ip, #1000
 365 0022 0CFB02F2 		mul	r2, ip, r2
 366 0026 A2EBD342 		sub	r2, r2, r3, lsr #19
 367              	.LVL30:
 368              		.loc 1 139 5 discriminator 6 view .LVU65
 369              	.L21:
 370              		.loc 1 139 5 discriminator 3 view .LVU66
 371              		.loc 1 139 5 discriminator 3 view .LVU67
 372 002a 4FF0E023 		mov	r3, #-536813568
 373 002e 9B69     		ldr	r3, [r3, #24]
 374 0030 CB1A     		subs	r3, r1, r3
 375 0032 9342     		cmp	r3, r2
 376 0034 F9D3     		bcc	.L21
 377              	.LBE5:
 378              		.loc 1 139 5 discriminator 4 view .LVU68
 379              		.loc 1 139 5 discriminator 4 view .LVU69
 380 0036 0130     		adds	r0, r0, #1
 381              	.LVL31:
 382              	.L20:
 383              		.loc 1 139 5 discriminator 5 view .LVU70
 384 0038 0128     		cmp	r0, #1
 385 003a E7D9     		bls	.L22
 386              	.LBE4:
 140:Core/Src/I2C_LCD.c **** }
ARM GAS  /tmp/cc7P2KoR.s 			page 10


 387              		.loc 1 140 1 is_stmt 0 view .LVU71
 388 003c 08BD     		pop	{r3, pc}
 389              	.L25:
 390 003e 00BF     		.align	2
 391              	.L24:
 392 0040 00000000 		.word	SystemCoreClock
 393 0044 83DE1B43 		.word	1125899907
 394              		.cfi_endproc
 395              	.LFE246:
 397              		.section	.text.I2C_LCD_Init,"ax",%progbits
 398              		.align	1
 399              		.global	I2C_LCD_Init
 400              		.syntax unified
 401              		.thumb
 402              		.thumb_func
 403              		.fpu fpv4-sp-d16
 405              	I2C_LCD_Init:
 406              	.LVL32:
 407              	.LFB245:
 116:Core/Src/I2C_LCD.c **** 	// According To Datasheet, We Must Wait At Least 40ms After Power Up Before Interacting With The L
 408              		.loc 1 116 1 is_stmt 1 view -0
 409              		.cfi_startproc
 410              		@ args = 0, pretend = 0, frame = 0
 411              		@ frame_needed = 0, uses_anonymous_args = 0
 116:Core/Src/I2C_LCD.c **** 	// According To Datasheet, We Must Wait At Least 40ms After Power Up Before Interacting With The L
 412              		.loc 1 116 1 is_stmt 0 view .LVU73
 413 0000 10B5     		push	{r4, lr}
 414              		.cfi_def_cfa_offset 8
 415              		.cfi_offset 4, -8
 416              		.cfi_offset 14, -4
 417 0002 0446     		mov	r4, r0
 118:Core/Src/I2C_LCD.c ****     I2C_LCD_Cmd(I2C_LCD_InstanceIndex, 0x30);
 418              		.loc 1 118 2 is_stmt 1 view .LVU74
 419              	.LVL33:
 420              	.L27:
 118:Core/Src/I2C_LCD.c ****     I2C_LCD_Cmd(I2C_LCD_InstanceIndex, 0x30);
 421              		.loc 1 118 27 discriminator 1 view .LVU75
 118:Core/Src/I2C_LCD.c ****     I2C_LCD_Cmd(I2C_LCD_InstanceIndex, 0x30);
 422              		.loc 1 118 7 discriminator 1 view .LVU76
 118:Core/Src/I2C_LCD.c ****     I2C_LCD_Cmd(I2C_LCD_InstanceIndex, 0x30);
 423              		.loc 1 118 8 is_stmt 0 discriminator 1 view .LVU77
 424 0004 FFF7FEFF 		bl	HAL_GetTick
 425              	.LVL34:
 118:Core/Src/I2C_LCD.c ****     I2C_LCD_Cmd(I2C_LCD_InstanceIndex, 0x30);
 426              		.loc 1 118 7 discriminator 1 view .LVU78
 427 0008 3128     		cmp	r0, #49
 428 000a FBD9     		bls	.L27
 119:Core/Src/I2C_LCD.c ****     DELAY_MS(5);  // Delay > 4.1ms
 429              		.loc 1 119 5 is_stmt 1 view .LVU79
 430 000c 3021     		movs	r1, #48
 431 000e 2046     		mov	r0, r4
 432 0010 FFF7FEFF 		bl	I2C_LCD_Cmd
 433              	.LVL35:
 120:Core/Src/I2C_LCD.c ****     I2C_LCD_Cmd(I2C_LCD_InstanceIndex, 0x30);
 434              		.loc 1 120 5 view .LVU80
 120:Core/Src/I2C_LCD.c ****     I2C_LCD_Cmd(I2C_LCD_InstanceIndex, 0x30);
 435              		.loc 1 120 5 view .LVU81
ARM GAS  /tmp/cc7P2KoR.s 			page 11


 436              	.LBB6:
 120:Core/Src/I2C_LCD.c ****     I2C_LCD_Cmd(I2C_LCD_InstanceIndex, 0x30);
 437              		.loc 1 120 5 view .LVU82
 120:Core/Src/I2C_LCD.c ****     I2C_LCD_Cmd(I2C_LCD_InstanceIndex, 0x30);
 438              		.loc 1 120 5 is_stmt 0 view .LVU83
 439 0014 0020     		movs	r0, #0
 440 0016 15E0     		b	.L28
 441              	.LVL36:
 442              	.L30:
 120:Core/Src/I2C_LCD.c ****     I2C_LCD_Cmd(I2C_LCD_InstanceIndex, 0x30);
 443              		.loc 1 120 5 is_stmt 1 discriminator 6 view .LVU84
 444              	.LBB7:
 120:Core/Src/I2C_LCD.c ****     I2C_LCD_Cmd(I2C_LCD_InstanceIndex, 0x30);
 445              		.loc 1 120 5 discriminator 6 view .LVU85
 446 0018 4FF0E023 		mov	r3, #-536813568
 447 001c 9969     		ldr	r1, [r3, #24]
 448              	.LVL37:
 120:Core/Src/I2C_LCD.c ****     I2C_LCD_Cmd(I2C_LCD_InstanceIndex, 0x30);
 449              		.loc 1 120 5 discriminator 6 view .LVU86
 450 001e 334B     		ldr	r3, .L36
 451 0020 1A68     		ldr	r2, [r3]
 452 0022 334B     		ldr	r3, .L36+4
 453 0024 A3FB0223 		umull	r2, r3, r3, r2
 454 0028 9A0C     		lsrs	r2, r3, #18
 455 002a 4FF47A7C 		mov	ip, #1000
 456 002e 0CFB02F2 		mul	r2, ip, r2
 457 0032 A2EBD342 		sub	r2, r2, r3, lsr #19
 458              	.LVL38:
 120:Core/Src/I2C_LCD.c ****     I2C_LCD_Cmd(I2C_LCD_InstanceIndex, 0x30);
 459              		.loc 1 120 5 discriminator 6 view .LVU87
 460              	.L29:
 120:Core/Src/I2C_LCD.c ****     I2C_LCD_Cmd(I2C_LCD_InstanceIndex, 0x30);
 461              		.loc 1 120 5 discriminator 3 view .LVU88
 120:Core/Src/I2C_LCD.c ****     I2C_LCD_Cmd(I2C_LCD_InstanceIndex, 0x30);
 462              		.loc 1 120 5 discriminator 3 view .LVU89
 463 0036 4FF0E023 		mov	r3, #-536813568
 464 003a 9B69     		ldr	r3, [r3, #24]
 465 003c CB1A     		subs	r3, r1, r3
 466 003e 9342     		cmp	r3, r2
 467 0040 F9D3     		bcc	.L29
 468              	.LBE7:
 120:Core/Src/I2C_LCD.c ****     I2C_LCD_Cmd(I2C_LCD_InstanceIndex, 0x30);
 469              		.loc 1 120 5 discriminator 4 view .LVU90
 120:Core/Src/I2C_LCD.c ****     I2C_LCD_Cmd(I2C_LCD_InstanceIndex, 0x30);
 470              		.loc 1 120 5 discriminator 4 view .LVU91
 471 0042 0130     		adds	r0, r0, #1
 472              	.LVL39:
 473              	.L28:
 120:Core/Src/I2C_LCD.c ****     I2C_LCD_Cmd(I2C_LCD_InstanceIndex, 0x30);
 474              		.loc 1 120 5 discriminator 5 view .LVU92
 475 0044 0428     		cmp	r0, #4
 476 0046 E7D9     		bls	.L30
 477              	.LBE6:
 120:Core/Src/I2C_LCD.c ****     I2C_LCD_Cmd(I2C_LCD_InstanceIndex, 0x30);
 478              		.loc 1 120 5 discriminator 7 view .LVU93
 121:Core/Src/I2C_LCD.c ****     DELAY_MS(5);  // Delay > 4.1ms
 479              		.loc 1 121 5 discriminator 7 view .LVU94
ARM GAS  /tmp/cc7P2KoR.s 			page 12


 480 0048 3021     		movs	r1, #48
 481 004a 2046     		mov	r0, r4
 482              	.LVL40:
 121:Core/Src/I2C_LCD.c ****     DELAY_MS(5);  // Delay > 4.1ms
 483              		.loc 1 121 5 is_stmt 0 discriminator 7 view .LVU95
 484 004c FFF7FEFF 		bl	I2C_LCD_Cmd
 485              	.LVL41:
 122:Core/Src/I2C_LCD.c ****     I2C_LCD_Cmd(I2C_LCD_InstanceIndex, 0x30);
 486              		.loc 1 122 5 is_stmt 1 discriminator 7 view .LVU96
 122:Core/Src/I2C_LCD.c ****     I2C_LCD_Cmd(I2C_LCD_InstanceIndex, 0x30);
 487              		.loc 1 122 5 discriminator 7 view .LVU97
 488              	.LBB8:
 122:Core/Src/I2C_LCD.c ****     I2C_LCD_Cmd(I2C_LCD_InstanceIndex, 0x30);
 489              		.loc 1 122 5 discriminator 7 view .LVU98
 122:Core/Src/I2C_LCD.c ****     I2C_LCD_Cmd(I2C_LCD_InstanceIndex, 0x30);
 490              		.loc 1 122 5 is_stmt 0 discriminator 7 view .LVU99
 491 0050 0020     		movs	r0, #0
 492 0052 15E0     		b	.L31
 493              	.LVL42:
 494              	.L33:
 122:Core/Src/I2C_LCD.c ****     I2C_LCD_Cmd(I2C_LCD_InstanceIndex, 0x30);
 495              		.loc 1 122 5 is_stmt 1 discriminator 6 view .LVU100
 496              	.LBB9:
 122:Core/Src/I2C_LCD.c ****     I2C_LCD_Cmd(I2C_LCD_InstanceIndex, 0x30);
 497              		.loc 1 122 5 discriminator 6 view .LVU101
 498 0054 4FF0E023 		mov	r3, #-536813568
 499 0058 9969     		ldr	r1, [r3, #24]
 500              	.LVL43:
 122:Core/Src/I2C_LCD.c ****     I2C_LCD_Cmd(I2C_LCD_InstanceIndex, 0x30);
 501              		.loc 1 122 5 discriminator 6 view .LVU102
 502 005a 244B     		ldr	r3, .L36
 503 005c 1A68     		ldr	r2, [r3]
 504 005e 244B     		ldr	r3, .L36+4
 505 0060 A3FB0223 		umull	r2, r3, r3, r2
 506 0064 9A0C     		lsrs	r2, r3, #18
 507 0066 4FF47A7C 		mov	ip, #1000
 508 006a 0CFB02F2 		mul	r2, ip, r2
 509 006e A2EBD342 		sub	r2, r2, r3, lsr #19
 510              	.LVL44:
 122:Core/Src/I2C_LCD.c ****     I2C_LCD_Cmd(I2C_LCD_InstanceIndex, 0x30);
 511              		.loc 1 122 5 discriminator 6 view .LVU103
 512              	.L32:
 122:Core/Src/I2C_LCD.c ****     I2C_LCD_Cmd(I2C_LCD_InstanceIndex, 0x30);
 513              		.loc 1 122 5 discriminator 3 view .LVU104
 122:Core/Src/I2C_LCD.c ****     I2C_LCD_Cmd(I2C_LCD_InstanceIndex, 0x30);
 514              		.loc 1 122 5 discriminator 3 view .LVU105
 515 0072 4FF0E023 		mov	r3, #-536813568
 516 0076 9B69     		ldr	r3, [r3, #24]
 517 0078 CB1A     		subs	r3, r1, r3
 518 007a 9342     		cmp	r3, r2
 519 007c F9D3     		bcc	.L32
 520              	.LBE9:
 122:Core/Src/I2C_LCD.c ****     I2C_LCD_Cmd(I2C_LCD_InstanceIndex, 0x30);
 521              		.loc 1 122 5 discriminator 4 view .LVU106
 122:Core/Src/I2C_LCD.c ****     I2C_LCD_Cmd(I2C_LCD_InstanceIndex, 0x30);
 522              		.loc 1 122 5 discriminator 4 view .LVU107
 523 007e 0130     		adds	r0, r0, #1
ARM GAS  /tmp/cc7P2KoR.s 			page 13


 524              	.LVL45:
 525              	.L31:
 122:Core/Src/I2C_LCD.c ****     I2C_LCD_Cmd(I2C_LCD_InstanceIndex, 0x30);
 526              		.loc 1 122 5 discriminator 5 view .LVU108
 527 0080 0428     		cmp	r0, #4
 528 0082 E7D9     		bls	.L33
 529              	.LBE8:
 122:Core/Src/I2C_LCD.c ****     I2C_LCD_Cmd(I2C_LCD_InstanceIndex, 0x30);
 530              		.loc 1 122 5 discriminator 7 view .LVU109
 123:Core/Src/I2C_LCD.c ****     DELAY_US(150);  // Delay > 100μs
 531              		.loc 1 123 5 discriminator 7 view .LVU110
 532 0084 3021     		movs	r1, #48
 533 0086 2046     		mov	r0, r4
 534              	.LVL46:
 123:Core/Src/I2C_LCD.c ****     DELAY_US(150);  // Delay > 100μs
 535              		.loc 1 123 5 is_stmt 0 discriminator 7 view .LVU111
 536 0088 FFF7FEFF 		bl	I2C_LCD_Cmd
 537              	.LVL47:
 124:Core/Src/I2C_LCD.c ****     I2C_LCD_Cmd(I2C_LCD_InstanceIndex, 0x02);
 538              		.loc 1 124 5 is_stmt 1 discriminator 7 view .LVU112
 539              	.LBB10:
 124:Core/Src/I2C_LCD.c ****     I2C_LCD_Cmd(I2C_LCD_InstanceIndex, 0x02);
 540              		.loc 1 124 5 discriminator 7 view .LVU113
 541 008c 4FF0E023 		mov	r3, #-536813568
 542 0090 9969     		ldr	r1, [r3, #24]
 543              	.LVL48:
 124:Core/Src/I2C_LCD.c ****     I2C_LCD_Cmd(I2C_LCD_InstanceIndex, 0x02);
 544              		.loc 1 124 5 discriminator 7 view .LVU114
 545 0092 164B     		ldr	r3, .L36
 546 0094 1A68     		ldr	r2, [r3]
 547 0096 164B     		ldr	r3, .L36+4
 548 0098 A3FB0223 		umull	r2, r3, r3, r2
 549 009c 9A0C     		lsrs	r2, r3, #18
 550 009e 9620     		movs	r0, #150
 551 00a0 00FB02F2 		mul	r2, r0, r2
 552 00a4 A2EBD342 		sub	r2, r2, r3, lsr #19
 553              	.LVL49:
 124:Core/Src/I2C_LCD.c ****     I2C_LCD_Cmd(I2C_LCD_InstanceIndex, 0x02);
 554              		.loc 1 124 5 discriminator 7 view .LVU115
 555              	.L34:
 124:Core/Src/I2C_LCD.c ****     I2C_LCD_Cmd(I2C_LCD_InstanceIndex, 0x02);
 556              		.loc 1 124 5 discriminator 2 view .LVU116
 124:Core/Src/I2C_LCD.c ****     I2C_LCD_Cmd(I2C_LCD_InstanceIndex, 0x02);
 557              		.loc 1 124 5 discriminator 2 view .LVU117
 558 00a8 4FF0E023 		mov	r3, #-536813568
 559 00ac 9B69     		ldr	r3, [r3, #24]
 560 00ae CB1A     		subs	r3, r1, r3
 561 00b0 9342     		cmp	r3, r2
 562 00b2 F9D3     		bcc	.L34
 563              	.LBE10:
 124:Core/Src/I2C_LCD.c ****     I2C_LCD_Cmd(I2C_LCD_InstanceIndex, 0x02);
 564              		.loc 1 124 5 discriminator 3 view .LVU118
 125:Core/Src/I2C_LCD.c ****     // Configure the LCD
 565              		.loc 1 125 5 discriminator 3 view .LVU119
 566 00b4 0221     		movs	r1, #2
 567              	.LVL50:
 125:Core/Src/I2C_LCD.c ****     // Configure the LCD
ARM GAS  /tmp/cc7P2KoR.s 			page 14


 568              		.loc 1 125 5 is_stmt 0 discriminator 3 view .LVU120
 569 00b6 2046     		mov	r0, r4
 570 00b8 FFF7FEFF 		bl	I2C_LCD_Cmd
 571              	.LVL51:
 127:Core/Src/I2C_LCD.c ****     I2C_LCD_Cmd(I2C_LCD_InstanceIndex, LCD_DISPLAYCONTROL | LCD_DISPLAYON | LCD_CURSOROFF | LCD_BLI
 572              		.loc 1 127 5 is_stmt 1 discriminator 3 view .LVU121
 573 00bc 2821     		movs	r1, #40
 574 00be 2046     		mov	r0, r4
 575 00c0 FFF7FEFF 		bl	I2C_LCD_Cmd
 576              	.LVL52:
 128:Core/Src/I2C_LCD.c ****     I2C_LCD_Cmd(I2C_LCD_InstanceIndex, LCD_ENTRYMODESET | LCD_ENTRYLEFT | LCD_ENTRYSHIFTDECREMENT);
 577              		.loc 1 128 5 discriminator 3 view .LVU122
 578 00c4 0C21     		movs	r1, #12
 579 00c6 2046     		mov	r0, r4
 580 00c8 FFF7FEFF 		bl	I2C_LCD_Cmd
 581              	.LVL53:
 129:Core/Src/I2C_LCD.c ****     I2C_LCD_InfoParam_g[I2C_LCD_InstanceIndex].DisplayCtrl = LCD_DISPLAYON | LCD_CURSOROFF | LCD_BL
 582              		.loc 1 129 5 discriminator 3 view .LVU123
 583 00cc 0621     		movs	r1, #6
 584 00ce 2046     		mov	r0, r4
 585 00d0 FFF7FEFF 		bl	I2C_LCD_Cmd
 586              	.LVL54:
 130:Core/Src/I2C_LCD.c ****     I2C_LCD_InfoParam_g[I2C_LCD_InstanceIndex].BacklightVal = LCD_BACKLIGHT;
 587              		.loc 1 130 5 discriminator 3 view .LVU124
 130:Core/Src/I2C_LCD.c ****     I2C_LCD_InfoParam_g[I2C_LCD_InstanceIndex].BacklightVal = LCD_BACKLIGHT;
 588              		.loc 1 130 60 is_stmt 0 discriminator 3 view .LVU125
 589 00d4 074B     		ldr	r3, .L36+8
 590 00d6 0422     		movs	r2, #4
 591 00d8 03F81420 		strb	r2, [r3, r4, lsl #1]
 131:Core/Src/I2C_LCD.c ****     // Clear the LCD
 592              		.loc 1 131 5 is_stmt 1 discriminator 3 view .LVU126
 131:Core/Src/I2C_LCD.c ****     // Clear the LCD
 593              		.loc 1 131 61 is_stmt 0 discriminator 3 view .LVU127
 594 00dc 03EB4403 		add	r3, r3, r4, lsl #1
 595 00e0 0822     		movs	r2, #8
 596 00e2 5A70     		strb	r2, [r3, #1]
 133:Core/Src/I2C_LCD.c **** }
 597              		.loc 1 133 5 is_stmt 1 discriminator 3 view .LVU128
 598 00e4 2046     		mov	r0, r4
 599 00e6 FFF7FEFF 		bl	I2C_LCD_Clear
 600              	.LVL55:
 134:Core/Src/I2C_LCD.c **** 
 601              		.loc 1 134 1 is_stmt 0 discriminator 3 view .LVU129
 602 00ea 10BD     		pop	{r4, pc}
 603              	.L37:
 604              		.align	2
 605              	.L36:
 606 00ec 00000000 		.word	SystemCoreClock
 607 00f0 83DE1B43 		.word	1125899907
 608 00f4 00000000 		.word	.LANCHOR0
 609              		.cfi_endproc
 610              	.LFE245:
 612              		.section	.text.I2C_LCD_Home,"ax",%progbits
 613              		.align	1
 614              		.global	I2C_LCD_Home
 615              		.syntax unified
 616              		.thumb
ARM GAS  /tmp/cc7P2KoR.s 			page 15


 617              		.thumb_func
 618              		.fpu fpv4-sp-d16
 620              	I2C_LCD_Home:
 621              	.LVL56:
 622              	.LFB247:
 141:Core/Src/I2C_LCD.c **** 
 142:Core/Src/I2C_LCD.c **** void I2C_LCD_Home(uint8_t I2C_LCD_InstanceIndex)
 143:Core/Src/I2C_LCD.c **** {
 623              		.loc 1 143 1 is_stmt 1 view -0
 624              		.cfi_startproc
 625              		@ args = 0, pretend = 0, frame = 0
 626              		@ frame_needed = 0, uses_anonymous_args = 0
 627              		.loc 1 143 1 is_stmt 0 view .LVU131
 628 0000 08B5     		push	{r3, lr}
 629              		.cfi_def_cfa_offset 8
 630              		.cfi_offset 3, -8
 631              		.cfi_offset 14, -4
 144:Core/Src/I2C_LCD.c ****     I2C_LCD_Cmd(I2C_LCD_InstanceIndex, LCD_RETURNHOME);
 632              		.loc 1 144 5 is_stmt 1 view .LVU132
 633 0002 0221     		movs	r1, #2
 634 0004 FFF7FEFF 		bl	I2C_LCD_Cmd
 635              	.LVL57:
 145:Core/Src/I2C_LCD.c ****     DELAY_MS(2);
 636              		.loc 1 145 5 view .LVU133
 637              		.loc 1 145 5 view .LVU134
 638              	.LBB11:
 639              		.loc 1 145 5 view .LVU135
 640              		.loc 1 145 5 is_stmt 0 view .LVU136
 641 0008 0020     		movs	r0, #0
 642 000a 15E0     		b	.L39
 643              	.LVL58:
 644              	.L41:
 645              		.loc 1 145 5 is_stmt 1 discriminator 6 view .LVU137
 646              	.LBB12:
 647              		.loc 1 145 5 discriminator 6 view .LVU138
 648 000c 4FF0E023 		mov	r3, #-536813568
 649 0010 9969     		ldr	r1, [r3, #24]
 650              	.LVL59:
 651              		.loc 1 145 5 discriminator 6 view .LVU139
 652 0012 0B4B     		ldr	r3, .L43
 653 0014 1A68     		ldr	r2, [r3]
 654 0016 0B4B     		ldr	r3, .L43+4
 655 0018 A3FB0223 		umull	r2, r3, r3, r2
 656 001c 9A0C     		lsrs	r2, r3, #18
 657 001e 4FF47A7C 		mov	ip, #1000
 658 0022 0CFB02F2 		mul	r2, ip, r2
 659 0026 A2EBD342 		sub	r2, r2, r3, lsr #19
 660              	.LVL60:
 661              		.loc 1 145 5 discriminator 6 view .LVU140
 662              	.L40:
 663              		.loc 1 145 5 discriminator 3 view .LVU141
 664              		.loc 1 145 5 discriminator 3 view .LVU142
 665 002a 4FF0E023 		mov	r3, #-536813568
 666 002e 9B69     		ldr	r3, [r3, #24]
 667 0030 CB1A     		subs	r3, r1, r3
 668 0032 9342     		cmp	r3, r2
 669 0034 F9D3     		bcc	.L40
ARM GAS  /tmp/cc7P2KoR.s 			page 16


 670              	.LBE12:
 671              		.loc 1 145 5 discriminator 4 view .LVU143
 672              		.loc 1 145 5 discriminator 4 view .LVU144
 673 0036 0130     		adds	r0, r0, #1
 674              	.LVL61:
 675              	.L39:
 676              		.loc 1 145 5 discriminator 5 view .LVU145
 677 0038 0128     		cmp	r0, #1
 678 003a E7D9     		bls	.L41
 679              	.LBE11:
 146:Core/Src/I2C_LCD.c **** }
 680              		.loc 1 146 1 is_stmt 0 view .LVU146
 681 003c 08BD     		pop	{r3, pc}
 682              	.L44:
 683 003e 00BF     		.align	2
 684              	.L43:
 685 0040 00000000 		.word	SystemCoreClock
 686 0044 83DE1B43 		.word	1125899907
 687              		.cfi_endproc
 688              	.LFE247:
 690              		.section	.text.I2C_LCD_SetCursor,"ax",%progbits
 691              		.align	1
 692              		.global	I2C_LCD_SetCursor
 693              		.syntax unified
 694              		.thumb
 695              		.thumb_func
 696              		.fpu fpv4-sp-d16
 698              	I2C_LCD_SetCursor:
 699              	.LVL62:
 700              	.LFB248:
 147:Core/Src/I2C_LCD.c **** 
 148:Core/Src/I2C_LCD.c **** void I2C_LCD_SetCursor(uint8_t I2C_LCD_InstanceIndex, uint8_t Col, uint8_t Row)
 149:Core/Src/I2C_LCD.c **** {
 701              		.loc 1 149 1 is_stmt 1 view -0
 702              		.cfi_startproc
 703              		@ args = 0, pretend = 0, frame = 16
 704              		@ frame_needed = 0, uses_anonymous_args = 0
 705              		.loc 1 149 1 is_stmt 0 view .LVU148
 706 0000 30B5     		push	{r4, r5, lr}
 707              		.cfi_def_cfa_offset 12
 708              		.cfi_offset 4, -12
 709              		.cfi_offset 5, -8
 710              		.cfi_offset 14, -4
 711 0002 85B0     		sub	sp, sp, #20
 712              		.cfi_def_cfa_offset 32
 713 0004 0446     		mov	r4, r0
 714 0006 8C46     		mov	ip, r1
 715 0008 9646     		mov	lr, r2
 150:Core/Src/I2C_LCD.c ****     int Row_Offsets[] = {0x00, 0x40, 0x14, 0x54};
 716              		.loc 1 150 5 is_stmt 1 view .LVU149
 717              		.loc 1 150 9 is_stmt 0 view .LVU150
 718 000a 0F4B     		ldr	r3, .L48
 719 000c 0FCB     		ldm	r3, {r0, r1, r2, r3}
 720              	.LVL63:
 721              		.loc 1 150 9 view .LVU151
 722 000e 04AD     		add	r5, sp, #16
 723 0010 05E90F00 		stmdb	r5, {r0, r1, r2, r3}
ARM GAS  /tmp/cc7P2KoR.s 			page 17


 151:Core/Src/I2C_LCD.c ****     if (Row > I2C_LCD_CfgParam[I2C_LCD_InstanceIndex].I2C_LCD_nRow)
 724              		.loc 1 151 5 is_stmt 1 view .LVU152
 725              		.loc 1 151 54 is_stmt 0 view .LVU153
 726 0014 04EB4402 		add	r2, r4, r4, lsl #1
 727 0018 0C4B     		ldr	r3, .L48+4
 728 001a 03EB8203 		add	r3, r3, r2, lsl #2
 729 001e 9A7A     		ldrb	r2, [r3, #10]	@ zero_extendqisi2
 730              		.loc 1 151 8 view .LVU154
 731 0020 7245     		cmp	r2, lr
 732 0022 02D2     		bcs	.L46
 152:Core/Src/I2C_LCD.c ****     {
 153:Core/Src/I2C_LCD.c ****     	Row = I2C_LCD_CfgParam[I2C_LCD_InstanceIndex].I2C_LCD_nRow - 1;
 733              		.loc 1 153 6 is_stmt 1 view .LVU155
 734              		.loc 1 153 10 is_stmt 0 view .LVU156
 735 0024 013A     		subs	r2, r2, #1
 736 0026 5FFA82FE 		uxtb	lr, r2
 737              	.LVL64:
 738              	.L46:
 154:Core/Src/I2C_LCD.c ****     }
 155:Core/Src/I2C_LCD.c ****     I2C_LCD_Cmd(I2C_LCD_InstanceIndex, LCD_SETDDRAMADDR | (Col + Row_Offsets[Row]));
 739              		.loc 1 155 5 is_stmt 1 view .LVU157
 740              		.loc 1 155 77 is_stmt 0 view .LVU158
 741 002a 04AB     		add	r3, sp, #16
 742 002c 03EB8E0E 		add	lr, r3, lr, lsl #2
 743              	.LVL65:
 744              		.loc 1 155 77 view .LVU159
 745 0030 5EF8101C 		ldr	r1, [lr, #-16]
 746              		.loc 1 155 64 view .LVU160
 747 0034 6144     		add	r1, r1, ip
 748 0036 49B2     		sxtb	r1, r1
 749              		.loc 1 155 57 view .LVU161
 750 0038 61F07F01 		orn	r1, r1, #127
 751              		.loc 1 155 5 view .LVU162
 752 003c C9B2     		uxtb	r1, r1
 753 003e 2046     		mov	r0, r4
 754 0040 FFF7FEFF 		bl	I2C_LCD_Cmd
 755              	.LVL66:
 156:Core/Src/I2C_LCD.c **** }
 756              		.loc 1 156 1 view .LVU163
 757 0044 05B0     		add	sp, sp, #20
 758              		.cfi_def_cfa_offset 12
 759              		@ sp needed
 760 0046 30BD     		pop	{r4, r5, pc}
 761              	.L49:
 762              		.align	2
 763              	.L48:
 764 0048 00000000 		.word	.LANCHOR1
 765 004c 00000000 		.word	I2C_LCD_CfgParam
 766              		.cfi_endproc
 767              	.LFE248:
 769              		.section	.text.I2C_LCD_WriteChar,"ax",%progbits
 770              		.align	1
 771              		.global	I2C_LCD_WriteChar
 772              		.syntax unified
 773              		.thumb
 774              		.thumb_func
 775              		.fpu fpv4-sp-d16
ARM GAS  /tmp/cc7P2KoR.s 			page 18


 777              	I2C_LCD_WriteChar:
 778              	.LVL67:
 779              	.LFB249:
 157:Core/Src/I2C_LCD.c **** 
 158:Core/Src/I2C_LCD.c **** void I2C_LCD_WriteChar(uint8_t I2C_LCD_InstanceIndex, char Ch)
 159:Core/Src/I2C_LCD.c **** {
 780              		.loc 1 159 1 is_stmt 1 view -0
 781              		.cfi_startproc
 782              		@ args = 0, pretend = 0, frame = 0
 783              		@ frame_needed = 0, uses_anonymous_args = 0
 784              		.loc 1 159 1 is_stmt 0 view .LVU165
 785 0000 08B5     		push	{r3, lr}
 786              		.cfi_def_cfa_offset 8
 787              		.cfi_offset 3, -8
 788              		.cfi_offset 14, -4
 160:Core/Src/I2C_LCD.c ****     I2C_LCD_Data(I2C_LCD_InstanceIndex, Ch);
 789              		.loc 1 160 5 is_stmt 1 view .LVU166
 790 0002 FFF7FEFF 		bl	I2C_LCD_Data
 791              	.LVL68:
 161:Core/Src/I2C_LCD.c **** }
 792              		.loc 1 161 1 is_stmt 0 view .LVU167
 793 0006 08BD     		pop	{r3, pc}
 794              		.cfi_endproc
 795              	.LFE249:
 797              		.section	.text.I2C_LCD_WriteString,"ax",%progbits
 798              		.align	1
 799              		.global	I2C_LCD_WriteString
 800              		.syntax unified
 801              		.thumb
 802              		.thumb_func
 803              		.fpu fpv4-sp-d16
 805              	I2C_LCD_WriteString:
 806              	.LVL69:
 807              	.LFB250:
 162:Core/Src/I2C_LCD.c **** 
 163:Core/Src/I2C_LCD.c **** void I2C_LCD_WriteString(uint8_t I2C_LCD_InstanceIndex, char *Str)
 164:Core/Src/I2C_LCD.c **** {
 808              		.loc 1 164 1 is_stmt 1 view -0
 809              		.cfi_startproc
 810              		@ args = 0, pretend = 0, frame = 0
 811              		@ frame_needed = 0, uses_anonymous_args = 0
 812              		.loc 1 164 1 is_stmt 0 view .LVU169
 813 0000 38B5     		push	{r3, r4, r5, lr}
 814              		.cfi_def_cfa_offset 16
 815              		.cfi_offset 3, -16
 816              		.cfi_offset 4, -12
 817              		.cfi_offset 5, -8
 818              		.cfi_offset 14, -4
 819 0002 0546     		mov	r5, r0
 820 0004 0C46     		mov	r4, r1
 165:Core/Src/I2C_LCD.c ****     while (*Str)
 821              		.loc 1 165 5 is_stmt 1 view .LVU170
 822              		.loc 1 165 11 is_stmt 0 view .LVU171
 823 0006 03E0     		b	.L53
 824              	.LVL70:
 825              	.L54:
 166:Core/Src/I2C_LCD.c ****     {
ARM GAS  /tmp/cc7P2KoR.s 			page 19


 167:Core/Src/I2C_LCD.c ****         I2C_LCD_Data(I2C_LCD_InstanceIndex, *Str++);
 826              		.loc 1 167 9 is_stmt 1 view .LVU172
 827              		.loc 1 167 49 is_stmt 0 view .LVU173
 828 0008 0134     		adds	r4, r4, #1
 829              	.LVL71:
 830              		.loc 1 167 9 view .LVU174
 831 000a 2846     		mov	r0, r5
 832 000c FFF7FEFF 		bl	I2C_LCD_Data
 833              	.LVL72:
 834              	.L53:
 165:Core/Src/I2C_LCD.c ****     while (*Str)
 835              		.loc 1 165 11 is_stmt 1 view .LVU175
 165:Core/Src/I2C_LCD.c ****     while (*Str)
 836              		.loc 1 165 12 is_stmt 0 view .LVU176
 837 0010 2178     		ldrb	r1, [r4]	@ zero_extendqisi2
 165:Core/Src/I2C_LCD.c ****     while (*Str)
 838              		.loc 1 165 11 view .LVU177
 839 0012 0029     		cmp	r1, #0
 840 0014 F8D1     		bne	.L54
 168:Core/Src/I2C_LCD.c ****     }
 169:Core/Src/I2C_LCD.c **** }
 841              		.loc 1 169 1 view .LVU178
 842 0016 38BD     		pop	{r3, r4, r5, pc}
 843              		.loc 1 169 1 view .LVU179
 844              		.cfi_endproc
 845              	.LFE250:
 847              		.section	.text.I2C_LCD_ShiftLeft,"ax",%progbits
 848              		.align	1
 849              		.global	I2C_LCD_ShiftLeft
 850              		.syntax unified
 851              		.thumb
 852              		.thumb_func
 853              		.fpu fpv4-sp-d16
 855              	I2C_LCD_ShiftLeft:
 856              	.LVL73:
 857              	.LFB251:
 170:Core/Src/I2C_LCD.c **** 
 171:Core/Src/I2C_LCD.c **** void I2C_LCD_ShiftLeft(uint8_t I2C_LCD_InstanceIndex)
 172:Core/Src/I2C_LCD.c **** {
 858              		.loc 1 172 1 is_stmt 1 view -0
 859              		.cfi_startproc
 860              		@ args = 0, pretend = 0, frame = 0
 861              		@ frame_needed = 0, uses_anonymous_args = 0
 862              		.loc 1 172 1 is_stmt 0 view .LVU181
 863 0000 08B5     		push	{r3, lr}
 864              		.cfi_def_cfa_offset 8
 865              		.cfi_offset 3, -8
 866              		.cfi_offset 14, -4
 173:Core/Src/I2C_LCD.c ****     I2C_LCD_Cmd(I2C_LCD_InstanceIndex, LCD_CURSORSHIFT | LCD_DISPLAYMOVE | LCD_MOVELEFT);
 867              		.loc 1 173 5 is_stmt 1 view .LVU182
 868 0002 1821     		movs	r1, #24
 869 0004 FFF7FEFF 		bl	I2C_LCD_Cmd
 870              	.LVL74:
 174:Core/Src/I2C_LCD.c **** }
 871              		.loc 1 174 1 is_stmt 0 view .LVU183
 872 0008 08BD     		pop	{r3, pc}
 873              		.cfi_endproc
ARM GAS  /tmp/cc7P2KoR.s 			page 20


 874              	.LFE251:
 876              		.section	.text.I2C_LCD_ShiftRight,"ax",%progbits
 877              		.align	1
 878              		.global	I2C_LCD_ShiftRight
 879              		.syntax unified
 880              		.thumb
 881              		.thumb_func
 882              		.fpu fpv4-sp-d16
 884              	I2C_LCD_ShiftRight:
 885              	.LVL75:
 886              	.LFB252:
 175:Core/Src/I2C_LCD.c **** 
 176:Core/Src/I2C_LCD.c **** void I2C_LCD_ShiftRight(uint8_t I2C_LCD_InstanceIndex)
 177:Core/Src/I2C_LCD.c **** {
 887              		.loc 1 177 1 is_stmt 1 view -0
 888              		.cfi_startproc
 889              		@ args = 0, pretend = 0, frame = 0
 890              		@ frame_needed = 0, uses_anonymous_args = 0
 891              		.loc 1 177 1 is_stmt 0 view .LVU185
 892 0000 08B5     		push	{r3, lr}
 893              		.cfi_def_cfa_offset 8
 894              		.cfi_offset 3, -8
 895              		.cfi_offset 14, -4
 178:Core/Src/I2C_LCD.c ****     I2C_LCD_Cmd(I2C_LCD_InstanceIndex, LCD_CURSORSHIFT | LCD_DISPLAYMOVE | LCD_MOVERIGHT);
 896              		.loc 1 178 5 is_stmt 1 view .LVU186
 897 0002 1C21     		movs	r1, #28
 898 0004 FFF7FEFF 		bl	I2C_LCD_Cmd
 899              	.LVL76:
 179:Core/Src/I2C_LCD.c **** }
 900              		.loc 1 179 1 is_stmt 0 view .LVU187
 901 0008 08BD     		pop	{r3, pc}
 902              		.cfi_endproc
 903              	.LFE252:
 905              		.section	.text.I2C_LCD_Backlight,"ax",%progbits
 906              		.align	1
 907              		.global	I2C_LCD_Backlight
 908              		.syntax unified
 909              		.thumb
 910              		.thumb_func
 911              		.fpu fpv4-sp-d16
 913              	I2C_LCD_Backlight:
 914              	.LVL77:
 915              	.LFB253:
 180:Core/Src/I2C_LCD.c **** 
 181:Core/Src/I2C_LCD.c **** void I2C_LCD_Backlight(uint8_t I2C_LCD_InstanceIndex)
 182:Core/Src/I2C_LCD.c **** {
 916              		.loc 1 182 1 is_stmt 1 view -0
 917              		.cfi_startproc
 918              		@ args = 0, pretend = 0, frame = 0
 919              		@ frame_needed = 0, uses_anonymous_args = 0
 920              		.loc 1 182 1 is_stmt 0 view .LVU189
 921 0000 08B5     		push	{r3, lr}
 922              		.cfi_def_cfa_offset 8
 923              		.cfi_offset 3, -8
 924              		.cfi_offset 14, -4
 183:Core/Src/I2C_LCD.c **** 	I2C_LCD_InfoParam_g[I2C_LCD_InstanceIndex].BacklightVal = LCD_BACKLIGHT;
 925              		.loc 1 183 2 is_stmt 1 view .LVU190
ARM GAS  /tmp/cc7P2KoR.s 			page 21


 926              		.loc 1 183 58 is_stmt 0 view .LVU191
 927 0002 044B     		ldr	r3, .L62
 928 0004 03EB4003 		add	r3, r3, r0, lsl #1
 929 0008 0822     		movs	r2, #8
 930 000a 5A70     		strb	r2, [r3, #1]
 184:Core/Src/I2C_LCD.c ****     I2C_LCD_ExpanderWrite(I2C_LCD_InstanceIndex, 0);
 931              		.loc 1 184 5 is_stmt 1 view .LVU192
 932 000c 0021     		movs	r1, #0
 933 000e FFF7FEFF 		bl	I2C_LCD_ExpanderWrite
 934              	.LVL78:
 185:Core/Src/I2C_LCD.c **** }
 935              		.loc 1 185 1 is_stmt 0 view .LVU193
 936 0012 08BD     		pop	{r3, pc}
 937              	.L63:
 938              		.align	2
 939              	.L62:
 940 0014 00000000 		.word	.LANCHOR0
 941              		.cfi_endproc
 942              	.LFE253:
 944              		.section	.text.I2C_LCD_NoBacklight,"ax",%progbits
 945              		.align	1
 946              		.global	I2C_LCD_NoBacklight
 947              		.syntax unified
 948              		.thumb
 949              		.thumb_func
 950              		.fpu fpv4-sp-d16
 952              	I2C_LCD_NoBacklight:
 953              	.LVL79:
 954              	.LFB254:
 186:Core/Src/I2C_LCD.c **** 
 187:Core/Src/I2C_LCD.c **** void I2C_LCD_NoBacklight(uint8_t I2C_LCD_InstanceIndex)
 188:Core/Src/I2C_LCD.c **** {
 955              		.loc 1 188 1 is_stmt 1 view -0
 956              		.cfi_startproc
 957              		@ args = 0, pretend = 0, frame = 0
 958              		@ frame_needed = 0, uses_anonymous_args = 0
 959              		.loc 1 188 1 is_stmt 0 view .LVU195
 960 0000 08B5     		push	{r3, lr}
 961              		.cfi_def_cfa_offset 8
 962              		.cfi_offset 3, -8
 963              		.cfi_offset 14, -4
 189:Core/Src/I2C_LCD.c **** 	I2C_LCD_InfoParam_g[I2C_LCD_InstanceIndex].BacklightVal = LCD_NOBACKLIGHT;
 964              		.loc 1 189 2 is_stmt 1 view .LVU196
 965              		.loc 1 189 58 is_stmt 0 view .LVU197
 966 0002 044B     		ldr	r3, .L66
 967 0004 03EB4003 		add	r3, r3, r0, lsl #1
 968 0008 0021     		movs	r1, #0
 969 000a 5970     		strb	r1, [r3, #1]
 190:Core/Src/I2C_LCD.c ****     I2C_LCD_ExpanderWrite(I2C_LCD_InstanceIndex, 0);
 970              		.loc 1 190 5 is_stmt 1 view .LVU198
 971 000c FFF7FEFF 		bl	I2C_LCD_ExpanderWrite
 972              	.LVL80:
 191:Core/Src/I2C_LCD.c **** }
 973              		.loc 1 191 1 is_stmt 0 view .LVU199
 974 0010 08BD     		pop	{r3, pc}
 975              	.L67:
 976 0012 00BF     		.align	2
ARM GAS  /tmp/cc7P2KoR.s 			page 22


 977              	.L66:
 978 0014 00000000 		.word	.LANCHOR0
 979              		.cfi_endproc
 980              	.LFE254:
 982              		.section	.text.I2C_LCD_Display,"ax",%progbits
 983              		.align	1
 984              		.global	I2C_LCD_Display
 985              		.syntax unified
 986              		.thumb
 987              		.thumb_func
 988              		.fpu fpv4-sp-d16
 990              	I2C_LCD_Display:
 991              	.LVL81:
 992              	.LFB255:
 192:Core/Src/I2C_LCD.c **** 
 193:Core/Src/I2C_LCD.c **** void I2C_LCD_Display(uint8_t I2C_LCD_InstanceIndex)
 194:Core/Src/I2C_LCD.c **** {
 993              		.loc 1 194 1 is_stmt 1 view -0
 994              		.cfi_startproc
 995              		@ args = 0, pretend = 0, frame = 0
 996              		@ frame_needed = 0, uses_anonymous_args = 0
 997              		.loc 1 194 1 is_stmt 0 view .LVU201
 998 0000 08B5     		push	{r3, lr}
 999              		.cfi_def_cfa_offset 8
 1000              		.cfi_offset 3, -8
 1001              		.cfi_offset 14, -4
 195:Core/Src/I2C_LCD.c **** 	I2C_LCD_InfoParam_g[I2C_LCD_InstanceIndex].DisplayCtrl |= LCD_DISPLAYON;
 1002              		.loc 1 195 2 is_stmt 1 view .LVU202
 1003              		.loc 1 195 57 is_stmt 0 view .LVU203
 1004 0002 064A     		ldr	r2, .L70
 1005 0004 12F81010 		ldrb	r1, [r2, r0, lsl #1]	@ zero_extendqisi2
 1006 0008 41F00401 		orr	r1, r1, #4
 1007 000c 02F81010 		strb	r1, [r2, r0, lsl #1]
 196:Core/Src/I2C_LCD.c **** 	I2C_LCD_Cmd(I2C_LCD_InstanceIndex, LCD_DISPLAYCONTROL | I2C_LCD_InfoParam_g[I2C_LCD_InstanceIndex]
 1008              		.loc 1 196 2 is_stmt 1 view .LVU204
 1009 0010 41F00801 		orr	r1, r1, #8
 1010 0014 FFF7FEFF 		bl	I2C_LCD_Cmd
 1011              	.LVL82:
 197:Core/Src/I2C_LCD.c **** }
 1012              		.loc 1 197 1 is_stmt 0 view .LVU205
 1013 0018 08BD     		pop	{r3, pc}
 1014              	.L71:
 1015 001a 00BF     		.align	2
 1016              	.L70:
 1017 001c 00000000 		.word	.LANCHOR0
 1018              		.cfi_endproc
 1019              	.LFE255:
 1021              		.section	.text.I2C_LCD_NoDisplay,"ax",%progbits
 1022              		.align	1
 1023              		.global	I2C_LCD_NoDisplay
 1024              		.syntax unified
 1025              		.thumb
 1026              		.thumb_func
 1027              		.fpu fpv4-sp-d16
 1029              	I2C_LCD_NoDisplay:
 1030              	.LVL83:
 1031              	.LFB256:
ARM GAS  /tmp/cc7P2KoR.s 			page 23


 198:Core/Src/I2C_LCD.c **** 
 199:Core/Src/I2C_LCD.c **** void I2C_LCD_NoDisplay(uint8_t I2C_LCD_InstanceIndex)
 200:Core/Src/I2C_LCD.c **** {
 1032              		.loc 1 200 1 is_stmt 1 view -0
 1033              		.cfi_startproc
 1034              		@ args = 0, pretend = 0, frame = 0
 1035              		@ frame_needed = 0, uses_anonymous_args = 0
 1036              		.loc 1 200 1 is_stmt 0 view .LVU207
 1037 0000 08B5     		push	{r3, lr}
 1038              		.cfi_def_cfa_offset 8
 1039              		.cfi_offset 3, -8
 1040              		.cfi_offset 14, -4
 201:Core/Src/I2C_LCD.c **** 	I2C_LCD_InfoParam_g[I2C_LCD_InstanceIndex].DisplayCtrl &= ~LCD_DISPLAYON;
 1041              		.loc 1 201 2 is_stmt 1 view .LVU208
 1042              		.loc 1 201 57 is_stmt 0 view .LVU209
 1043 0002 064A     		ldr	r2, .L74
 1044 0004 12F81010 		ldrb	r1, [r2, r0, lsl #1]	@ zero_extendqisi2
 1045 0008 01F0FB01 		and	r1, r1, #251
 1046 000c 02F81010 		strb	r1, [r2, r0, lsl #1]
 202:Core/Src/I2C_LCD.c **** 	I2C_LCD_Cmd(I2C_LCD_InstanceIndex, LCD_DISPLAYCONTROL | I2C_LCD_InfoParam_g[I2C_LCD_InstanceIndex]
 1047              		.loc 1 202 2 is_stmt 1 view .LVU210
 1048 0010 41F00801 		orr	r1, r1, #8
 1049 0014 FFF7FEFF 		bl	I2C_LCD_Cmd
 1050              	.LVL84:
 203:Core/Src/I2C_LCD.c **** }
 1051              		.loc 1 203 1 is_stmt 0 view .LVU211
 1052 0018 08BD     		pop	{r3, pc}
 1053              	.L75:
 1054 001a 00BF     		.align	2
 1055              	.L74:
 1056 001c 00000000 		.word	.LANCHOR0
 1057              		.cfi_endproc
 1058              	.LFE256:
 1060              		.section	.text.I2C_LCD_Cursor,"ax",%progbits
 1061              		.align	1
 1062              		.global	I2C_LCD_Cursor
 1063              		.syntax unified
 1064              		.thumb
 1065              		.thumb_func
 1066              		.fpu fpv4-sp-d16
 1068              	I2C_LCD_Cursor:
 1069              	.LVL85:
 1070              	.LFB257:
 204:Core/Src/I2C_LCD.c **** 
 205:Core/Src/I2C_LCD.c **** void I2C_LCD_Cursor(uint8_t I2C_LCD_InstanceIndex)
 206:Core/Src/I2C_LCD.c **** {
 1071              		.loc 1 206 1 is_stmt 1 view -0
 1072              		.cfi_startproc
 1073              		@ args = 0, pretend = 0, frame = 0
 1074              		@ frame_needed = 0, uses_anonymous_args = 0
 1075              		.loc 1 206 1 is_stmt 0 view .LVU213
 1076 0000 08B5     		push	{r3, lr}
 1077              		.cfi_def_cfa_offset 8
 1078              		.cfi_offset 3, -8
 1079              		.cfi_offset 14, -4
 207:Core/Src/I2C_LCD.c **** 	I2C_LCD_InfoParam_g[I2C_LCD_InstanceIndex].DisplayCtrl |= LCD_CURSORON;
 1080              		.loc 1 207 2 is_stmt 1 view .LVU214
ARM GAS  /tmp/cc7P2KoR.s 			page 24


 1081              		.loc 1 207 57 is_stmt 0 view .LVU215
 1082 0002 064A     		ldr	r2, .L78
 1083 0004 12F81010 		ldrb	r1, [r2, r0, lsl #1]	@ zero_extendqisi2
 1084 0008 41F00201 		orr	r1, r1, #2
 1085 000c 02F81010 		strb	r1, [r2, r0, lsl #1]
 208:Core/Src/I2C_LCD.c **** 	I2C_LCD_Cmd(I2C_LCD_InstanceIndex, LCD_DISPLAYCONTROL | I2C_LCD_InfoParam_g[I2C_LCD_InstanceIndex]
 1086              		.loc 1 208 2 is_stmt 1 view .LVU216
 1087 0010 41F00801 		orr	r1, r1, #8
 1088 0014 FFF7FEFF 		bl	I2C_LCD_Cmd
 1089              	.LVL86:
 209:Core/Src/I2C_LCD.c **** }
 1090              		.loc 1 209 1 is_stmt 0 view .LVU217
 1091 0018 08BD     		pop	{r3, pc}
 1092              	.L79:
 1093 001a 00BF     		.align	2
 1094              	.L78:
 1095 001c 00000000 		.word	.LANCHOR0
 1096              		.cfi_endproc
 1097              	.LFE257:
 1099              		.section	.text.I2C_LCD_NoCursor,"ax",%progbits
 1100              		.align	1
 1101              		.global	I2C_LCD_NoCursor
 1102              		.syntax unified
 1103              		.thumb
 1104              		.thumb_func
 1105              		.fpu fpv4-sp-d16
 1107              	I2C_LCD_NoCursor:
 1108              	.LVL87:
 1109              	.LFB258:
 210:Core/Src/I2C_LCD.c **** 
 211:Core/Src/I2C_LCD.c **** void I2C_LCD_NoCursor(uint8_t I2C_LCD_InstanceIndex)
 212:Core/Src/I2C_LCD.c **** {
 1110              		.loc 1 212 1 is_stmt 1 view -0
 1111              		.cfi_startproc
 1112              		@ args = 0, pretend = 0, frame = 0
 1113              		@ frame_needed = 0, uses_anonymous_args = 0
 1114              		.loc 1 212 1 is_stmt 0 view .LVU219
 1115 0000 08B5     		push	{r3, lr}
 1116              		.cfi_def_cfa_offset 8
 1117              		.cfi_offset 3, -8
 1118              		.cfi_offset 14, -4
 213:Core/Src/I2C_LCD.c **** 	I2C_LCD_InfoParam_g[I2C_LCD_InstanceIndex].DisplayCtrl &= ~LCD_CURSORON;
 1119              		.loc 1 213 2 is_stmt 1 view .LVU220
 1120              		.loc 1 213 57 is_stmt 0 view .LVU221
 1121 0002 064A     		ldr	r2, .L82
 1122 0004 12F81010 		ldrb	r1, [r2, r0, lsl #1]	@ zero_extendqisi2
 1123 0008 01F0FD01 		and	r1, r1, #253
 1124 000c 02F81010 		strb	r1, [r2, r0, lsl #1]
 214:Core/Src/I2C_LCD.c **** 	I2C_LCD_Cmd(I2C_LCD_InstanceIndex, LCD_DISPLAYCONTROL | I2C_LCD_InfoParam_g[I2C_LCD_InstanceIndex]
 1125              		.loc 1 214 2 is_stmt 1 view .LVU222
 1126 0010 41F00801 		orr	r1, r1, #8
 1127 0014 FFF7FEFF 		bl	I2C_LCD_Cmd
 1128              	.LVL88:
 215:Core/Src/I2C_LCD.c **** }
 1129              		.loc 1 215 1 is_stmt 0 view .LVU223
 1130 0018 08BD     		pop	{r3, pc}
 1131              	.L83:
ARM GAS  /tmp/cc7P2KoR.s 			page 25


 1132 001a 00BF     		.align	2
 1133              	.L82:
 1134 001c 00000000 		.word	.LANCHOR0
 1135              		.cfi_endproc
 1136              	.LFE258:
 1138              		.section	.text.I2C_LCD_Blink,"ax",%progbits
 1139              		.align	1
 1140              		.global	I2C_LCD_Blink
 1141              		.syntax unified
 1142              		.thumb
 1143              		.thumb_func
 1144              		.fpu fpv4-sp-d16
 1146              	I2C_LCD_Blink:
 1147              	.LVL89:
 1148              	.LFB259:
 216:Core/Src/I2C_LCD.c **** 
 217:Core/Src/I2C_LCD.c **** void I2C_LCD_Blink(uint8_t I2C_LCD_InstanceIndex)
 218:Core/Src/I2C_LCD.c **** {
 1149              		.loc 1 218 1 is_stmt 1 view -0
 1150              		.cfi_startproc
 1151              		@ args = 0, pretend = 0, frame = 0
 1152              		@ frame_needed = 0, uses_anonymous_args = 0
 1153              		.loc 1 218 1 is_stmt 0 view .LVU225
 1154 0000 08B5     		push	{r3, lr}
 1155              		.cfi_def_cfa_offset 8
 1156              		.cfi_offset 3, -8
 1157              		.cfi_offset 14, -4
 219:Core/Src/I2C_LCD.c **** 	I2C_LCD_InfoParam_g[I2C_LCD_InstanceIndex].DisplayCtrl |= LCD_BLINKON;
 1158              		.loc 1 219 2 is_stmt 1 view .LVU226
 1159              		.loc 1 219 57 is_stmt 0 view .LVU227
 1160 0002 064A     		ldr	r2, .L86
 1161 0004 12F81010 		ldrb	r1, [r2, r0, lsl #1]	@ zero_extendqisi2
 1162 0008 41F00101 		orr	r1, r1, #1
 1163 000c 02F81010 		strb	r1, [r2, r0, lsl #1]
 220:Core/Src/I2C_LCD.c **** 	I2C_LCD_Cmd(I2C_LCD_InstanceIndex, LCD_DISPLAYCONTROL | I2C_LCD_InfoParam_g[I2C_LCD_InstanceIndex]
 1164              		.loc 1 220 2 is_stmt 1 view .LVU228
 1165 0010 41F00801 		orr	r1, r1, #8
 1166 0014 FFF7FEFF 		bl	I2C_LCD_Cmd
 1167              	.LVL90:
 221:Core/Src/I2C_LCD.c **** }
 1168              		.loc 1 221 1 is_stmt 0 view .LVU229
 1169 0018 08BD     		pop	{r3, pc}
 1170              	.L87:
 1171 001a 00BF     		.align	2
 1172              	.L86:
 1173 001c 00000000 		.word	.LANCHOR0
 1174              		.cfi_endproc
 1175              	.LFE259:
 1177              		.section	.text.I2C_LCD_NoBlink,"ax",%progbits
 1178              		.align	1
 1179              		.global	I2C_LCD_NoBlink
 1180              		.syntax unified
 1181              		.thumb
 1182              		.thumb_func
 1183              		.fpu fpv4-sp-d16
 1185              	I2C_LCD_NoBlink:
 1186              	.LVL91:
ARM GAS  /tmp/cc7P2KoR.s 			page 26


 1187              	.LFB260:
 222:Core/Src/I2C_LCD.c **** 
 223:Core/Src/I2C_LCD.c **** void I2C_LCD_NoBlink(uint8_t I2C_LCD_InstanceIndex)
 224:Core/Src/I2C_LCD.c **** {
 1188              		.loc 1 224 1 is_stmt 1 view -0
 1189              		.cfi_startproc
 1190              		@ args = 0, pretend = 0, frame = 0
 1191              		@ frame_needed = 0, uses_anonymous_args = 0
 1192              		.loc 1 224 1 is_stmt 0 view .LVU231
 1193 0000 08B5     		push	{r3, lr}
 1194              		.cfi_def_cfa_offset 8
 1195              		.cfi_offset 3, -8
 1196              		.cfi_offset 14, -4
 225:Core/Src/I2C_LCD.c **** 	I2C_LCD_InfoParam_g[I2C_LCD_InstanceIndex].DisplayCtrl &= ~LCD_BLINKON;
 1197              		.loc 1 225 2 is_stmt 1 view .LVU232
 1198              		.loc 1 225 57 is_stmt 0 view .LVU233
 1199 0002 064A     		ldr	r2, .L90
 1200 0004 12F81010 		ldrb	r1, [r2, r0, lsl #1]	@ zero_extendqisi2
 1201 0008 01F0FE01 		and	r1, r1, #254
 1202 000c 02F81010 		strb	r1, [r2, r0, lsl #1]
 226:Core/Src/I2C_LCD.c **** 	I2C_LCD_Cmd(I2C_LCD_InstanceIndex, LCD_DISPLAYCONTROL | I2C_LCD_InfoParam_g[I2C_LCD_InstanceIndex]
 1203              		.loc 1 226 2 is_stmt 1 view .LVU234
 1204 0010 41F00801 		orr	r1, r1, #8
 1205 0014 FFF7FEFF 		bl	I2C_LCD_Cmd
 1206              	.LVL92:
 227:Core/Src/I2C_LCD.c **** }
 1207              		.loc 1 227 1 is_stmt 0 view .LVU235
 1208 0018 08BD     		pop	{r3, pc}
 1209              	.L91:
 1210 001a 00BF     		.align	2
 1211              	.L90:
 1212 001c 00000000 		.word	.LANCHOR0
 1213              		.cfi_endproc
 1214              	.LFE260:
 1216              		.section	.text.I2C_LCD_CreateCustomChar,"ax",%progbits
 1217              		.align	1
 1218              		.global	I2C_LCD_CreateCustomChar
 1219              		.syntax unified
 1220              		.thumb
 1221              		.thumb_func
 1222              		.fpu fpv4-sp-d16
 1224              	I2C_LCD_CreateCustomChar:
 1225              	.LVL93:
 1226              	.LFB261:
 228:Core/Src/I2C_LCD.c **** 
 229:Core/Src/I2C_LCD.c **** void I2C_LCD_CreateCustomChar(uint8_t I2C_LCD_InstanceIndex, uint8_t CharIndex, const uint8_t* Char
 230:Core/Src/I2C_LCD.c **** {
 1227              		.loc 1 230 1 is_stmt 1 view -0
 1228              		.cfi_startproc
 1229              		@ args = 0, pretend = 0, frame = 0
 1230              		@ frame_needed = 0, uses_anonymous_args = 0
 1231              		.loc 1 230 1 is_stmt 0 view .LVU237
 1232 0000 70B5     		push	{r4, r5, r6, lr}
 1233              		.cfi_def_cfa_offset 16
 1234              		.cfi_offset 4, -16
 1235              		.cfi_offset 5, -12
 1236              		.cfi_offset 6, -8
ARM GAS  /tmp/cc7P2KoR.s 			page 27


 1237              		.cfi_offset 14, -4
 1238 0002 0646     		mov	r6, r0
 1239 0004 1546     		mov	r5, r2
 231:Core/Src/I2C_LCD.c ****     CharIndex &= 0x07;
 1240              		.loc 1 231 5 is_stmt 1 view .LVU238
 1241              		.loc 1 231 15 is_stmt 0 view .LVU239
 1242 0006 01F00701 		and	r1, r1, #7
 1243              	.LVL94:
 232:Core/Src/I2C_LCD.c ****     I2C_LCD_Cmd(I2C_LCD_InstanceIndex, LCD_SETCGRAMADDR | (CharIndex << 3));
 1244              		.loc 1 232 5 is_stmt 1 view .LVU240
 1245              		.loc 1 232 70 is_stmt 0 view .LVU241
 1246 000a C900     		lsls	r1, r1, #3
 1247              	.LVL95:
 1248              		.loc 1 232 5 view .LVU242
 1249 000c 41F04001 		orr	r1, r1, #64
 1250 0010 FFF7FEFF 		bl	I2C_LCD_Cmd
 1251              	.LVL96:
 233:Core/Src/I2C_LCD.c ****     for (int i = 0; i < 8; i++)
 1252              		.loc 1 233 5 is_stmt 1 view .LVU243
 1253              	.LBB13:
 1254              		.loc 1 233 10 view .LVU244
 1255              		.loc 1 233 14 is_stmt 0 view .LVU245
 1256 0014 0024     		movs	r4, #0
 1257              		.loc 1 233 5 view .LVU246
 1258 0016 05E0     		b	.L93
 1259              	.LVL97:
 1260              	.L94:
 234:Core/Src/I2C_LCD.c ****     {
 235:Core/Src/I2C_LCD.c ****     	I2C_LCD_Send(I2C_LCD_InstanceIndex, CharMap[i], RS);
 1261              		.loc 1 235 6 is_stmt 1 discriminator 3 view .LVU247
 1262 0018 0122     		movs	r2, #1
 1263 001a 295D     		ldrb	r1, [r5, r4]	@ zero_extendqisi2
 1264 001c 3046     		mov	r0, r6
 1265 001e FFF7FEFF 		bl	I2C_LCD_Send
 1266              	.LVL98:
 233:Core/Src/I2C_LCD.c ****     for (int i = 0; i < 8; i++)
 1267              		.loc 1 233 28 discriminator 3 view .LVU248
 233:Core/Src/I2C_LCD.c ****     for (int i = 0; i < 8; i++)
 1268              		.loc 1 233 29 is_stmt 0 discriminator 3 view .LVU249
 1269 0022 0134     		adds	r4, r4, #1
 1270              	.LVL99:
 1271              	.L93:
 233:Core/Src/I2C_LCD.c ****     for (int i = 0; i < 8; i++)
 1272              		.loc 1 233 21 is_stmt 1 discriminator 1 view .LVU250
 233:Core/Src/I2C_LCD.c ****     for (int i = 0; i < 8; i++)
 1273              		.loc 1 233 5 is_stmt 0 discriminator 1 view .LVU251
 1274 0024 072C     		cmp	r4, #7
 1275 0026 F7DD     		ble	.L94
 1276              	.LBE13:
 236:Core/Src/I2C_LCD.c ****     }
 237:Core/Src/I2C_LCD.c **** }
 1277              		.loc 1 237 1 view .LVU252
 1278 0028 70BD     		pop	{r4, r5, r6, pc}
 1279              		.loc 1 237 1 view .LVU253
 1280              		.cfi_endproc
 1281              	.LFE261:
 1283              		.section	.text.I2C_LCD_PrintCustomChar,"ax",%progbits
ARM GAS  /tmp/cc7P2KoR.s 			page 28


 1284              		.align	1
 1285              		.global	I2C_LCD_PrintCustomChar
 1286              		.syntax unified
 1287              		.thumb
 1288              		.thumb_func
 1289              		.fpu fpv4-sp-d16
 1291              	I2C_LCD_PrintCustomChar:
 1292              	.LVL100:
 1293              	.LFB262:
 238:Core/Src/I2C_LCD.c **** 
 239:Core/Src/I2C_LCD.c **** void I2C_LCD_PrintCustomChar(uint8_t I2C_LCD_InstanceIndex, uint8_t CharIndex)
 240:Core/Src/I2C_LCD.c **** {
 1294              		.loc 1 240 1 is_stmt 1 view -0
 1295              		.cfi_startproc
 1296              		@ args = 0, pretend = 0, frame = 0
 1297              		@ frame_needed = 0, uses_anonymous_args = 0
 1298              		.loc 1 240 1 is_stmt 0 view .LVU255
 1299 0000 08B5     		push	{r3, lr}
 1300              		.cfi_def_cfa_offset 8
 1301              		.cfi_offset 3, -8
 1302              		.cfi_offset 14, -4
 241:Core/Src/I2C_LCD.c **** 	I2C_LCD_Send(I2C_LCD_InstanceIndex, CharIndex, RS);
 1303              		.loc 1 241 2 is_stmt 1 view .LVU256
 1304 0002 0122     		movs	r2, #1
 1305 0004 FFF7FEFF 		bl	I2C_LCD_Send
 1306              	.LVL101:
 242:Core/Src/I2C_LCD.c **** }...
 1307              		.loc 1 242 1 is_stmt 0 view .LVU257
 1308 0008 08BD     		pop	{r3, pc}
 1309              		.cfi_endproc
 1310              	.LFE262:
 1312              		.section	.rodata
 1313              		.align	2
 1314              		.set	.LANCHOR1,. + 0
 1315              	.LC0:
 1316 0000 00000000 		.word	0
 1317 0004 40000000 		.word	64
 1318 0008 14000000 		.word	20
 1319 000c 54000000 		.word	84
 1320              		.section	.bss.I2C_LCD_InfoParam_g,"aw",%nobits
 1321              		.align	2
 1322              		.set	.LANCHOR0,. + 0
 1325              	I2C_LCD_InfoParam_g:
 1326 0000 0000     		.space	2
 1327              		.text
 1328              	.Letext0:
 1329              		.file 2 "/usr/lib/gcc/arm-none-eabi/10.3.1/include/stdint.h"
 1330              		.file 3 "Drivers/CMSIS/Include/core_cm4.h"
 1331              		.file 4 "Drivers/CMSIS/Device/ST/STM32F4xx/Include/stm32f446xx.h"
 1332              		.file 5 "Drivers/STM32F4xx_HAL_Driver/Inc/stm32f4xx_hal_def.h"
 1333              		.file 6 "Drivers/STM32F4xx_HAL_Driver/Inc/stm32f4xx_hal_dma.h"
 1334              		.file 7 "Drivers/STM32F4xx_HAL_Driver/Inc/stm32f4xx_hal_i2c.h"
 1335              		.file 8 "Core/Inc/I2C_LCD_cfg.h"
 1336              		.file 9 "Drivers/CMSIS/Device/ST/STM32F4xx/Include/system_stm32f4xx.h"
 1337              		.file 10 "Drivers/STM32F4xx_HAL_Driver/Inc/stm32f4xx_hal.h"
ARM GAS  /tmp/cc7P2KoR.s 			page 29


DEFINED SYMBOLS
                            *ABS*:0000000000000000 I2C_LCD.c
     /tmp/cc7P2KoR.s:18     .text.I2C_LCD_ExpanderWrite:0000000000000000 $t
     /tmp/cc7P2KoR.s:25     .text.I2C_LCD_ExpanderWrite:0000000000000000 I2C_LCD_ExpanderWrite
     /tmp/cc7P2KoR.s:74     .text.I2C_LCD_ExpanderWrite:0000000000000038 $d
     /tmp/cc7P2KoR.s:80     .text.I2C_LCD_EnPulse:0000000000000000 $t
     /tmp/cc7P2KoR.s:86     .text.I2C_LCD_EnPulse:0000000000000000 I2C_LCD_EnPulse
     /tmp/cc7P2KoR.s:172    .text.I2C_LCD_EnPulse:0000000000000068 $d
     /tmp/cc7P2KoR.s:178    .text.I2C_LCD_Write4Bits:0000000000000000 $t
     /tmp/cc7P2KoR.s:184    .text.I2C_LCD_Write4Bits:0000000000000000 I2C_LCD_Write4Bits
     /tmp/cc7P2KoR.s:214    .text.I2C_LCD_Send:0000000000000000 $t
     /tmp/cc7P2KoR.s:220    .text.I2C_LCD_Send:0000000000000000 I2C_LCD_Send
     /tmp/cc7P2KoR.s:264    .text.I2C_LCD_Cmd:0000000000000000 $t
     /tmp/cc7P2KoR.s:270    .text.I2C_LCD_Cmd:0000000000000000 I2C_LCD_Cmd
     /tmp/cc7P2KoR.s:292    .text.I2C_LCD_Data:0000000000000000 $t
     /tmp/cc7P2KoR.s:298    .text.I2C_LCD_Data:0000000000000000 I2C_LCD_Data
     /tmp/cc7P2KoR.s:320    .text.I2C_LCD_Clear:0000000000000000 $t
     /tmp/cc7P2KoR.s:327    .text.I2C_LCD_Clear:0000000000000000 I2C_LCD_Clear
     /tmp/cc7P2KoR.s:392    .text.I2C_LCD_Clear:0000000000000040 $d
     /tmp/cc7P2KoR.s:398    .text.I2C_LCD_Init:0000000000000000 $t
     /tmp/cc7P2KoR.s:405    .text.I2C_LCD_Init:0000000000000000 I2C_LCD_Init
     /tmp/cc7P2KoR.s:606    .text.I2C_LCD_Init:00000000000000ec $d
     /tmp/cc7P2KoR.s:613    .text.I2C_LCD_Home:0000000000000000 $t
     /tmp/cc7P2KoR.s:620    .text.I2C_LCD_Home:0000000000000000 I2C_LCD_Home
     /tmp/cc7P2KoR.s:685    .text.I2C_LCD_Home:0000000000000040 $d
     /tmp/cc7P2KoR.s:691    .text.I2C_LCD_SetCursor:0000000000000000 $t
     /tmp/cc7P2KoR.s:698    .text.I2C_LCD_SetCursor:0000000000000000 I2C_LCD_SetCursor
     /tmp/cc7P2KoR.s:764    .text.I2C_LCD_SetCursor:0000000000000048 $d
     /tmp/cc7P2KoR.s:770    .text.I2C_LCD_WriteChar:0000000000000000 $t
     /tmp/cc7P2KoR.s:777    .text.I2C_LCD_WriteChar:0000000000000000 I2C_LCD_WriteChar
     /tmp/cc7P2KoR.s:798    .text.I2C_LCD_WriteString:0000000000000000 $t
     /tmp/cc7P2KoR.s:805    .text.I2C_LCD_WriteString:0000000000000000 I2C_LCD_WriteString
     /tmp/cc7P2KoR.s:848    .text.I2C_LCD_ShiftLeft:0000000000000000 $t
     /tmp/cc7P2KoR.s:855    .text.I2C_LCD_ShiftLeft:0000000000000000 I2C_LCD_ShiftLeft
     /tmp/cc7P2KoR.s:877    .text.I2C_LCD_ShiftRight:0000000000000000 $t
     /tmp/cc7P2KoR.s:884    .text.I2C_LCD_ShiftRight:0000000000000000 I2C_LCD_ShiftRight
     /tmp/cc7P2KoR.s:906    .text.I2C_LCD_Backlight:0000000000000000 $t
     /tmp/cc7P2KoR.s:913    .text.I2C_LCD_Backlight:0000000000000000 I2C_LCD_Backlight
     /tmp/cc7P2KoR.s:940    .text.I2C_LCD_Backlight:0000000000000014 $d
     /tmp/cc7P2KoR.s:945    .text.I2C_LCD_NoBacklight:0000000000000000 $t
     /tmp/cc7P2KoR.s:952    .text.I2C_LCD_NoBacklight:0000000000000000 I2C_LCD_NoBacklight
     /tmp/cc7P2KoR.s:978    .text.I2C_LCD_NoBacklight:0000000000000014 $d
     /tmp/cc7P2KoR.s:983    .text.I2C_LCD_Display:0000000000000000 $t
     /tmp/cc7P2KoR.s:990    .text.I2C_LCD_Display:0000000000000000 I2C_LCD_Display
     /tmp/cc7P2KoR.s:1017   .text.I2C_LCD_Display:000000000000001c $d
     /tmp/cc7P2KoR.s:1022   .text.I2C_LCD_NoDisplay:0000000000000000 $t
     /tmp/cc7P2KoR.s:1029   .text.I2C_LCD_NoDisplay:0000000000000000 I2C_LCD_NoDisplay
     /tmp/cc7P2KoR.s:1056   .text.I2C_LCD_NoDisplay:000000000000001c $d
     /tmp/cc7P2KoR.s:1061   .text.I2C_LCD_Cursor:0000000000000000 $t
     /tmp/cc7P2KoR.s:1068   .text.I2C_LCD_Cursor:0000000000000000 I2C_LCD_Cursor
     /tmp/cc7P2KoR.s:1095   .text.I2C_LCD_Cursor:000000000000001c $d
     /tmp/cc7P2KoR.s:1100   .text.I2C_LCD_NoCursor:0000000000000000 $t
     /tmp/cc7P2KoR.s:1107   .text.I2C_LCD_NoCursor:0000000000000000 I2C_LCD_NoCursor
     /tmp/cc7P2KoR.s:1134   .text.I2C_LCD_NoCursor:000000000000001c $d
     /tmp/cc7P2KoR.s:1139   .text.I2C_LCD_Blink:0000000000000000 $t
     /tmp/cc7P2KoR.s:1146   .text.I2C_LCD_Blink:0000000000000000 I2C_LCD_Blink
     /tmp/cc7P2KoR.s:1173   .text.I2C_LCD_Blink:000000000000001c $d
ARM GAS  /tmp/cc7P2KoR.s 			page 30


     /tmp/cc7P2KoR.s:1178   .text.I2C_LCD_NoBlink:0000000000000000 $t
     /tmp/cc7P2KoR.s:1185   .text.I2C_LCD_NoBlink:0000000000000000 I2C_LCD_NoBlink
     /tmp/cc7P2KoR.s:1212   .text.I2C_LCD_NoBlink:000000000000001c $d
     /tmp/cc7P2KoR.s:1217   .text.I2C_LCD_CreateCustomChar:0000000000000000 $t
     /tmp/cc7P2KoR.s:1224   .text.I2C_LCD_CreateCustomChar:0000000000000000 I2C_LCD_CreateCustomChar
     /tmp/cc7P2KoR.s:1284   .text.I2C_LCD_PrintCustomChar:0000000000000000 $t
     /tmp/cc7P2KoR.s:1291   .text.I2C_LCD_PrintCustomChar:0000000000000000 I2C_LCD_PrintCustomChar
     /tmp/cc7P2KoR.s:1313   .rodata:0000000000000000 $d
     /tmp/cc7P2KoR.s:1321   .bss.I2C_LCD_InfoParam_g:0000000000000000 $d
     /tmp/cc7P2KoR.s:1325   .bss.I2C_LCD_InfoParam_g:0000000000000000 I2C_LCD_InfoParam_g

UNDEFINED SYMBOLS
HAL_I2C_Master_Transmit
I2C_LCD_CfgParam
SystemCoreClock
HAL_GetTick
