ARM GAS  /tmp/cc5MoyRw.s 			page 1


   1              		.cpu cortex-m4
   2              		.eabi_attribute 27, 1
   3              		.eabi_attribute 28, 1
   4              		.eabi_attribute 20, 1
   5              		.eabi_attribute 21, 1
   6              		.eabi_attribute 23, 3
   7              		.eabi_attribute 24, 1
   8              		.eabi_attribute 25, 1
   9              		.eabi_attribute 26, 1
  10              		.eabi_attribute 30, 1
  11              		.eabi_attribute 34, 1
  12              		.eabi_attribute 18, 4
  13              		.file	"I2C_LCD_cfg.c"
  14              		.text
  15              	.Ltext0:
  16              		.cfi_sections	.debug_frame
  17              		.global	I2C_LCD_CfgParam
  18              		.section	.rodata.I2C_LCD_CfgParam,"a"
  19              		.align	2
  22              	I2C_LCD_CfgParam:
  23 0000 00       		.byte	0
  24 0001 000000   		.space	3
  25 0004 00000000 		.word	hi2c2
  26 0008 27       		.byte	39
  27 0009 10       		.byte	16
  28 000a 02       		.byte	2
  29 000b 00       		.space	1
  30              		.text
  31              	.Letext0:
  32              		.file 1 "/usr/lib/gcc/arm-none-eabi/10.3.1/include/stdint.h"
  33              		.file 2 "Drivers/CMSIS/Device/ST/STM32F4xx/Include/stm32f446xx.h"
  34              		.file 3 "Drivers/STM32F4xx_HAL_Driver/Inc/stm32f4xx_hal_def.h"
  35              		.file 4 "Drivers/STM32F4xx_HAL_Driver/Inc/stm32f4xx_hal_dma.h"
  36              		.file 5 "Drivers/STM32F4xx_HAL_Driver/Inc/stm32f4xx_hal_i2c.h"
  37              		.file 6 "Core/Inc/I2C_LCD_cfg.h"
  38              		.file 7 "Core/Src/I2C_LCD_cfg.c"
ARM GAS  /tmp/cc5MoyRw.s 			page 2


DEFINED SYMBOLS
                            *ABS*:0000000000000000 I2C_LCD_cfg.c
     /tmp/cc5MoyRw.s:22     .rodata.I2C_LCD_CfgParam:0000000000000000 I2C_LCD_CfgParam
     /tmp/cc5MoyRw.s:19     .rodata.I2C_LCD_CfgParam:0000000000000000 $d

UNDEFINED SYMBOLS
hi2c2
